Host cso14c62 | Job 1120556 | CPUs 4
		Number of updates per IC: 100
		Number of total updates: 500
		Length of gap timestepping (hours): 33.333332
		Length of trajectory differentiation (hours): Start: 13.333333	End: 26.666666
		Training period per ic (days): Start: 97.22222	End: 125.0
			Traj 1, Loss=228.02454, |ps|=400.00018, |g|=2.8094366
			Traj 2, Loss=226.34416, |ps|=400.0008, |g|=2.8432784
			Traj 3, Loss=225.30783, |ps|=400.0018, |g|=2.8276114
			Traj 4, Loss=224.44586, |ps|=400.0032, |g|=2.8483453
			Traj 5, Loss=223.80644, |ps|=400.00504, |g|=2.8426068
			Traj 6, Loss=223.11665, |ps|=400.00726, |g|=2.8461804
			Traj 7, Loss=222.19221, |ps|=400.00986, |g|=2.8404741
			Traj 8, Loss=220.91122, |ps|=400.0129, |g|=2.8516326
			Traj 9, Loss=219.73305, |ps|=400.0164, |g|=2.8410215
			Traj 10, Loss=218.72432, |ps|=400.02026, |g|=2.8252091
	IC 1, Loss=218.72432, |ps|=400.02026, |g|=2.8252091
			Traj 1, Loss=303.3371, |ps|=400.0232, |g|=3.8957703
			Traj 2, Loss=302.68356, |ps|=400.0263, |g|=3.9099271
			Traj 3, Loss=302.11414, |ps|=400.02954, |g|=3.925108
			Traj 4, Loss=301.21994, |ps|=400.03296, |g|=3.9020736
			Traj 5, Loss=300.24832, |ps|=400.03653, |g|=3.9137163
			Traj 6, Loss=299.4709, |ps|=400.0403, |g|=3.9312015
			Traj 7, Loss=298.5783, |ps|=400.04425, |g|=3.9268918
			Traj 8, Loss=297.12234, |ps|=400.04843, |g|=3.8961878
			Traj 9, Loss=296.17563, |ps|=400.05276, |g|=3.8656754
			Traj 10, Loss=295.41382, |ps|=400.05725, |g|=3.8897355
	IC 2, Loss=295.41382, |ps|=400.05725, |g|=3.8897355
			Traj 1, Loss=389.3722, |ps|=400.0606, |g|=5.1533856
			Traj 2, Loss=388.9748, |ps|=400.06418, |g|=5.2288203
			Traj 3, Loss=388.6088, |ps|=400.06784, |g|=5.147848
			Traj 4, Loss=388.86215, |ps|=400.0716, |g|=5.168074
			Traj 5, Loss=388.63284, |ps|=400.0754, |g|=5.138898
			Traj 6, Loss=388.10767, |ps|=400.0793, |g|=5.1781306
			Traj 7, Loss=387.16055, |ps|=400.08334, |g|=5.129007
			Traj 8, Loss=386.12042, |ps|=400.0875, |g|=5.1874638
			Traj 9, Loss=384.72955, |ps|=400.09158, |g|=5.1819596
			Traj 10, Loss=382.8922, |ps|=400.0958, |g|=5.169952
	IC 3, Loss=382.8922, |ps|=400.0958, |g|=5.169952
			Traj 1, Loss=472.70135, |ps|=400.09885, |g|=6.434836
			Traj 2, Loss=473.08774, |ps|=400.10196, |g|=6.4592376
			Traj 3, Loss=474.19446, |ps|=400.10516, |g|=6.380868
			Traj 4, Loss=475.16666, |ps|=400.1084, |g|=6.544972
			Traj 5, Loss=474.68253, |ps|=400.11176, |g|=6.4830384
			Traj 6, Loss=472.37244, |ps|=400.1151, |g|=6.4925017
			Traj 7, Loss=470.1397, |ps|=400.1185, |g|=6.4852214
			Traj 8, Loss=467.89832, |ps|=400.12195, |g|=6.443032
			Traj 9, Loss=467.1274, |ps|=400.1255, |g|=6.421555
			Traj 10, Loss=467.10556, |ps|=400.12912, |g|=6.4606037
	IC 4, Loss=467.10556, |ps|=400.12912, |g|=6.4606037
			Traj 1, Loss=573.45374, |ps|=400.13165, |g|=7.9666476
			Traj 2, Loss=575.51965, |ps|=400.13428, |g|=8.013802
			Traj 3, Loss=575.72943, |ps|=400.13693, |g|=8.280306
			Traj 4, Loss=574.6997, |ps|=400.13956, |g|=7.9976997
			Traj 5, Loss=573.08496, |ps|=400.1422, |g|=7.9710474
			Traj 6, Loss=571.01514, |ps|=400.14487, |g|=8.020065
			Traj 7, Loss=571.63043, |ps|=400.1475, |g|=7.0436177
			Traj 8, Loss=572.0634, |ps|=400.15012, |g|=7.9639044
			Traj 9, Loss=571.4174, |ps|=400.1528, |g|=7.979649
			Traj 10, Loss=570.08716, |ps|=400.1555, |g|=7.9673758
	IC 5, Loss=570.08716, |ps|=400.1555, |g|=7.9673758
