Host csl14c177 | Job 1120557 | CPUs 4
		Number of updates per IC: 100
		Number of total updates: 500
		Length of gap timestepping (hours): 33.333332
		Length of trajectory differentiation (hours): Start: 13.333333	End: 26.666666
		Training period per ic (days): Start: 97.22222	End: 125.0
			Traj 1, Loss=0.2819834, |ps|=0.37477192, |g|=0.11392785
			Traj 2, Loss=0.24649368, |ps|=0.72204894, |g|=0.10529312
			Traj 3, Loss=0.21571214, |ps|=1.039667, |g|=0.09710646
			Traj 4, Loss=0.18879391, |ps|=1.3376591, |g|=0.089587584
			Traj 5, Loss=0.16679575, |ps|=1.6238863, |g|=0.082791485
			Traj 6, Loss=0.14778243, |ps|=1.894376, |g|=0.07637651
			Traj 7, Loss=0.13123848, |ps|=2.1465821, |g|=0.0702186
			Traj 8, Loss=0.1160158, |ps|=2.376201, |g|=0.064417966
			Traj 9, Loss=0.10483307, |ps|=2.5849667, |g|=0.059231445
			Traj 10, Loss=0.09368332, |ps|=2.7771485, |g|=0.053732857
	IC 1, Loss=0.09368332, |ps|=2.7771485, |g|=0.053732857
			Traj 1, Loss=0.12352655, |ps|=2.9318922, |g|=0.076693036
			Traj 2, Loss=0.11106178, |ps|=3.1072605, |g|=0.07081929
			Traj 3, Loss=0.101325564, |ps|=3.2805898, |g|=0.065076694
			Traj 4, Loss=0.09107515, |ps|=3.439305, |g|=0.059712365
			Traj 5, Loss=0.08158519, |ps|=3.5820694, |g|=0.05392134
			Traj 6, Loss=0.075929604, |ps|=3.7109191, |g|=0.04933929
			Traj 7, Loss=0.070479415, |ps|=3.8267424, |g|=0.044739228
			Traj 8, Loss=0.06881964, |ps|=3.9307406, |g|=0.041232407
			Traj 9, Loss=0.06427343, |ps|=4.0220766, |g|=0.03723375
			Traj 10, Loss=0.060007192, |ps|=4.102247, |g|=0.033818617
	IC 2, Loss=0.060007192, |ps|=4.102247, |g|=0.033818617
			Traj 1, Loss=0.07342963, |ps|=4.1716356, |g|=0.047628954
			Traj 2, Loss=0.06684247, |ps|=4.2512217, |g|=0.041884582
			Traj 3, Loss=0.06388433, |ps|=4.32453, |g|=0.03635872
			Traj 4, Loss=0.063382745, |ps|=4.3832803, |g|=0.031083861
			Traj 5, Loss=0.06769913, |ps|=4.4271235, |g|=0.027347617
			Traj 6, Loss=0.07039216, |ps|=4.4608684, |g|=0.024925597
			Traj 7, Loss=0.060277227, |ps|=4.4891486, |g|=0.024275959
			Traj 8, Loss=0.060447462, |ps|=4.520203, |g|=0.024254644
			Traj 9, Loss=0.059499674, |ps|=4.555041, |g|=0.023836887
			Traj 10, Loss=0.05900135, |ps|=4.5941157, |g|=0.022972604
	IC 3, Loss=0.05900135, |ps|=4.5941157, |g|=0.022972604
			Traj 1, Loss=0.069908716, |ps|=4.6301084, |g|=0.029611431
			Traj 2, Loss=0.068891734, |ps|=4.670245, |g|=0.023778778
			Traj 3, Loss=0.0714449, |ps|=4.7012925, |g|=0.019278284
			Traj 4, Loss=0.08129356, |ps|=4.717169, |g|=0.018909983
			Traj 5, Loss=0.074722044, |ps|=4.726095, |g|=0.016940026
			Traj 6, Loss=0.06681477, |ps|=4.7367935, |g|=0.018047078
			Traj 7, Loss=0.06344962, |ps|=4.7567763, |g|=0.019109143
			Traj 8, Loss=0.062452827, |ps|=4.7810783, |g|=0.018824684
			Traj 9, Loss=0.066487834, |ps|=4.8020015, |g|=0.015541306
			Traj 10, Loss=0.06754108, |ps|=4.814314, |g|=0.0145154195
	IC 4, Loss=0.06754108, |ps|=4.814314, |g|=0.0145154195
			Traj 1, Loss=0.0805867, |ps|=4.825461, |g|=0.019740276
			Traj 2, Loss=0.08505623, |ps|=4.8376784, |g|=0.014783064
			Traj 3, Loss=0.08691134, |ps|=4.839873, |g|=0.0127163185
			Traj 4, Loss=0.08848247, |ps|=4.8371835, |g|=0.012525549
			Traj 5, Loss=0.08115036, |ps|=4.8374867, |g|=0.013750841
			Traj 6, Loss=0.078710005, |ps|=4.847953, |g|=0.014754037
			Traj 7, Loss=0.08302301, |ps|=4.8581467, |g|=0.011224566
			Traj 8, Loss=0.08110658, |ps|=4.85736, |g|=0.011250083
			Traj 9, Loss=0.08692423, |ps|=4.8474746, |g|=0.009404208
			Traj 10, Loss=0.08832438, |ps|=4.8405304, |g|=0.008962623
	IC 5, Loss=0.08832438, |ps|=4.8405304, |g|=0.008962623
