Host cso14c62 | Job 1120558 | CPUs 4
		Number of updates per IC: 100
		Number of total updates: 500
		Length of gap timestepping (hours): 33.333332
		Length of trajectory differentiation (hours): Start: 13.333333	End: 26.666666
		Training period per ic (days): Start: 97.22222	End: 125.0
			Traj 1, Loss=0.26851574, |ps|=0.55489206, |g|=0.11070463
			Traj 2, Loss=0.23422617, |ps|=0.8162641, |g|=0.102197886
			Traj 3, Loss=0.20452257, |ps|=1.0965672, |g|=0.094045185
			Traj 4, Loss=0.1786438, |ps|=1.3817097, |g|=0.08660433
			Traj 5, Loss=0.15764232, |ps|=1.6584259, |g|=0.07994261
			Traj 6, Loss=0.13959715, |ps|=1.9183518, |g|=0.073607795
			Traj 7, Loss=0.123743705, |ps|=2.1602583, |g|=0.06750971
			Traj 8, Loss=0.10940315, |ps|=2.3806348, |g|=0.061855797
			Traj 9, Loss=0.099010274, |ps|=2.582309, |g|=0.056761
			Traj 10, Loss=0.088616475, |ps|=2.7682245, |g|=0.051369946
	IC 1, Loss=0.088616475, |ps|=2.7682245, |g|=0.051369946
			Traj 1, Loss=0.11620187, |ps|=2.9199278, |g|=0.07158824
			Traj 2, Loss=0.10452354, |ps|=3.0919673, |g|=0.06766036
			Traj 3, Loss=0.09547534, |ps|=3.2606213, |g|=0.0629496
			Traj 4, Loss=0.085973926, |ps|=3.4150608, |g|=0.0567805
			Traj 5, Loss=0.07711316, |ps|=3.5538566, |g|=0.051074285
			Traj 6, Loss=0.07187835, |ps|=3.6786683, |g|=0.04666377
			Traj 7, Loss=0.06690097, |ps|=3.7899542, |g|=0.042145934
			Traj 8, Loss=0.06576152, |ps|=3.889837, |g|=0.03878882
			Traj 9, Loss=0.061772678, |ps|=3.9768307, |g|=0.03495601
			Traj 10, Loss=0.05769347, |ps|=4.052899, |g|=0.031654216
	IC 2, Loss=0.05769347, |ps|=4.052899, |g|=0.031654216
			Traj 1, Loss=0.070118055, |ps|=4.120433, |g|=0.044670615
			Traj 2, Loss=0.06408248, |ps|=4.197082, |g|=0.03911097
			Traj 3, Loss=0.061492544, |ps|=4.266984, |g|=0.03376129
			Traj 4, Loss=0.061736573, |ps|=4.3222814, |g|=0.028676324
			Traj 5, Loss=0.066176035, |ps|=4.362495, |g|=0.025190052
			Traj 6, Loss=0.0690577, |ps|=4.3924694, |g|=0.022939991
			Traj 7, Loss=0.05900275, |ps|=4.41711, |g|=0.022414874
			Traj 8, Loss=0.059537657, |ps|=4.445886, |g|=0.022389058
			Traj 9, Loss=0.05829308, |ps|=4.478141, |g|=0.022166863
			Traj 10, Loss=0.057903267, |ps|=4.5149674, |g|=0.021252794
	IC 3, Loss=0.057903267, |ps|=4.5149674, |g|=0.021252794
			Traj 1, Loss=0.06852471, |ps|=4.5501995, |g|=0.027662719
			Traj 2, Loss=0.067741275, |ps|=4.5895786, |g|=0.021823872
			Traj 3, Loss=0.07056989, |ps|=4.618191, |g|=0.018426962
			Traj 4, Loss=0.080625944, |ps|=4.6317024, |g|=0.016503297
			Traj 5, Loss=0.07402482, |ps|=4.6392345, |g|=0.015481519
			Traj 6, Loss=0.06589518, |ps|=4.6479554, |g|=0.01654985
			Traj 7, Loss=0.06266968, |ps|=4.6670156, |g|=0.017663483
			Traj 8, Loss=0.061627798, |ps|=4.690426, |g|=0.017478792
			Traj 9, Loss=0.06567866, |ps|=4.710695, |g|=0.014256029
			Traj 10, Loss=0.066968486, |ps|=4.722146, |g|=0.011208593
	IC 4, Loss=0.066968486, |ps|=4.722146, |g|=0.011208593
			Traj 1, Loss=0.079792224, |ps|=4.733208, |g|=0.017756041
			Traj 2, Loss=0.08439567, |ps|=4.7466407, |g|=0.014238449
			Traj 3, Loss=0.08642421, |ps|=4.7481346, |g|=0.012009957
			Traj 4, Loss=0.087358795, |ps|=4.744369, |g|=0.011602283
			Traj 5, Loss=0.0804202, |ps|=4.743425, |g|=0.012695497
			Traj 6, Loss=0.077963464, |ps|=4.751883, |g|=0.013390552
			Traj 7, Loss=0.08242169, |ps|=4.76147, |g|=0.009838318
			Traj 8, Loss=0.08065327, |ps|=4.7610044, |g|=0.009278039
			Traj 9, Loss=0.08648738, |ps|=4.750556, |g|=0.008962992
			Traj 10, Loss=0.08781442, |ps|=4.742952, |g|=0.008059051
	IC 5, Loss=0.08781442, |ps|=4.742952, |g|=0.008059051
