Host cso14c94 | ArrayJob 1292136 | Task 2
		Number of updates per IC: 50
		Number of total updates: 250
		Length of gap timestepping (hours): 13.333333
		Length of trajectory differentiation (hours): Start: 13.333333	End: 26.666666
		Training period per ic (days): Start: 55.555557	End: 83.333336
			Traj 1, Loss=2.625989, |ps|=28.146082, |g|=0.37807578
			Traj 2, Loss=2.4315662, |ps|=28.007874, |g|=0.35903412
			Traj 3, Loss=2.4583051, |ps|=27.870502, |g|=0.3652334
			Traj 4, Loss=2.3247347, |ps|=27.734478, |g|=0.35102296
			Traj 5, Loss=2.2781093, |ps|=27.599909, |g|=0.34876126
			Traj 6, Loss=2.2346578, |ps|=27.466675, |g|=0.3451269
			Traj 7, Loss=2.1219456, |ps|=27.33524, |g|=0.33458534
			Traj 8, Loss=2.1454656, |ps|=27.205082, |g|=0.3393093
			Traj 9, Loss=2.0002432, |ps|=27.076801, |g|=0.32364208
			Traj 10, Loss=2.0437758, |ps|=26.949821, |g|=0.33157715
	IC 1, Loss=2.0437758, |ps|=26.949821, |g|=0.33157715
			Traj 1, Loss=2.8665056, |ps|=26.827038, |g|=0.47298136
			Traj 2, Loss=2.6483536, |ps|=26.697247, |g|=0.447066
			Traj 3, Loss=2.595847, |ps|=26.565687, |g|=0.4447367
			Traj 4, Loss=2.5933514, |ps|=26.434185, |g|=0.44614238
			Traj 5, Loss=2.3789797, |ps|=26.30503, |g|=0.4216856
			Traj 6, Loss=2.4340708, |ps|=26.178095, |g|=0.4334479
			Traj 7, Loss=2.2912056, |ps|=26.05388, |g|=0.41516253
			Traj 8, Loss=2.1716495, |ps|=25.93324, |g|=0.40191472
			Traj 9, Loss=2.2080164, |ps|=25.815207, |g|=0.4096417
			Traj 10, Loss=2.0243359, |ps|=25.700354, |g|=0.3857623
	IC 2, Loss=2.0243359, |ps|=25.700354, |g|=0.3857623
			Traj 1, Loss=2.814724, |ps|=25.591272, |g|=0.54056954
			Traj 2, Loss=2.6324294, |ps|=25.476511, |g|=0.515685
			Traj 3, Loss=2.4737027, |ps|=25.361012, |g|=0.49848822
			Traj 4, Loss=2.5475302, |ps|=25.245785, |g|=0.5137055
			Traj 5, Loss=2.372732, |ps|=25.132393, |g|=0.48891753
			Traj 6, Loss=2.2237804, |ps|=25.022285, |g|=0.47105616
			Traj 7, Loss=2.302168, |ps|=24.91454, |g|=0.4859292
			Traj 8, Loss=2.131142, |ps|=24.809616, |g|=0.4611526
			Traj 9, Loss=1.9890916, |ps|=24.70839, |g|=0.4423785
			Traj 10, Loss=2.063219, |ps|=24.609545, |g|=0.4596411
	IC 3, Loss=2.063219, |ps|=24.609545, |g|=0.4596411
			Traj 1, Loss=2.5227892, |ps|=24.516712, |g|=0.5742473
			Traj 2, Loss=2.3704333, |ps|=24.420546, |g|=0.5486534
			Traj 3, Loss=2.1923106, |ps|=24.324854, |g|=0.5209656
			Traj 4, Loss=2.1957567, |ps|=24.23041, |g|=0.5270066
			Traj 5, Loss=2.1726403, |ps|=24.137312, |g|=0.5271781
			Traj 6, Loss=2.001214, |ps|=24.0468, |g|=0.4969366
			Traj 7, Loss=1.9173614, |ps|=23.95925, |g|=0.4859072
			Traj 8, Loss=1.9320205, |ps|=23.873846, |g|=0.49492082
			Traj 9, Loss=1.8366772, |ps|=23.790592, |g|=0.47942764
			Traj 10, Loss=1.6960776, |ps|=23.710234, |g|=0.45466557
	IC 4, Loss=1.6960776, |ps|=23.710234, |g|=0.45466557
			Traj 1, Loss=2.1664143, |ps|=23.635635, |g|=0.5844906
			Traj 2, Loss=2.0646825, |ps|=23.558168, |g|=0.56480455
			Traj 3, Loss=1.9032753, |ps|=23.481136, |g|=0.5312935
			Traj 4, Loss=1.8319986, |ps|=23.40622, |g|=0.52718157
			Traj 5, Loss=1.8275357, |ps|=23.333118, |g|=0.52695507
			Traj 6, Loss=1.7818918, |ps|=23.261175, |g|=0.5308231
			Traj 7, Loss=1.6594958, |ps|=23.190975, |g|=0.50113595
			Traj 8, Loss=1.5471559, |ps|=23.123281, |g|=0.46981865
			Traj 9, Loss=1.5380139, |ps|=23.057806, |g|=0.48289058
			Traj 10, Loss=1.520187, |ps|=22.993782, |g|=0.47566184
	IC 5, Loss=1.520187, |ps|=22.993782, |g|=0.47566184
