Host csl14c177 | Job 1119999 | CPUs 4
		Number of updates per IC: 100
		Number of total updates: 500
		Length of gap timestepping (hours): 33.333332
		Length of trajectory differentiation (hours): Start: 13.333333	End: 26.666666
		Training period per ic (days): Start: 97.22222	End: 125.0
			Traj 1, Loss=0.2177193, |ps|=7.0851836, |g|=0.46370345
			Traj 2, Loss=0.1248195, |ps|=7.1658535, |g|=0.39701754
			Traj 3, Loss=0.05702219, |ps|=7.2701507, |g|=0.21961212
			Traj 4, Loss=0.032784786, |ps|=7.34395, |g|=0.13142468
			Traj 5, Loss=0.022347493, |ps|=7.363631, |g|=0.06768622
			Traj 6, Loss=0.01835241, |ps|=7.372304, |g|=0.050541203
			Traj 7, Loss=0.018160054, |ps|=7.388082, |g|=0.022525541
			Traj 8, Loss=0.016561985, |ps|=7.4040656, |g|=0.016058104
			Traj 9, Loss=0.016937846, |ps|=7.418711, |g|=0.011982832
			Traj 10, Loss=0.017041767, |ps|=7.4349446, |g|=0.01108773
	IC 1, Loss=0.017041767, |ps|=7.4349446, |g|=0.01108773
			Traj 1, Loss=0.015713457, |ps|=7.436343, |g|=0.036401697
			Traj 2, Loss=0.014299092, |ps|=7.44389, |g|=0.026766684
			Traj 3, Loss=0.013841168, |ps|=7.4535136, |g|=0.01832829
			Traj 4, Loss=0.013127369, |ps|=7.456224, |g|=0.014157107
			Traj 5, Loss=0.013303599, |ps|=7.4644103, |g|=0.012783097
			Traj 6, Loss=0.013089416, |ps|=7.4745035, |g|=0.012050449
			Traj 7, Loss=0.014301523, |ps|=7.4831524, |g|=0.010213397
			Traj 8, Loss=0.015969831, |ps|=7.4926634, |g|=0.009847733
			Traj 9, Loss=0.016567461, |ps|=7.502988, |g|=0.010137471
			Traj 10, Loss=0.015103895, |ps|=7.513374, |g|=0.008941181
	IC 2, Loss=0.015103895, |ps|=7.513374, |g|=0.008941181
			Traj 1, Loss=0.017835323, |ps|=7.516127, |g|=0.052270576
			Traj 2, Loss=0.016802749, |ps|=7.524526, |g|=0.023755811
			Traj 3, Loss=0.019562898, |ps|=7.526404, |g|=0.01615615
			Traj 4, Loss=0.023872571, |ps|=7.5272365, |g|=0.021707363
			Traj 5, Loss=0.028420055, |ps|=7.534679, |g|=0.022392804
			Traj 6, Loss=0.031804033, |ps|=7.5455704, |g|=0.021171493
			Traj 7, Loss=0.021914138, |ps|=7.5609546, |g|=0.01683814
			Traj 8, Loss=0.02221835, |ps|=7.5785336, |g|=0.015279461
			Traj 9, Loss=0.020986399, |ps|=7.591619, |g|=0.011935795
			Traj 10, Loss=0.02387856, |ps|=7.5998588, |g|=0.017929884
	IC 3, Loss=0.02387856, |ps|=7.5998588, |g|=0.017929884
			Traj 1, Loss=0.019334478, |ps|=7.6023335, |g|=0.02694769
			Traj 2, Loss=0.021202113, |ps|=7.6037984, |g|=0.020059606
			Traj 3, Loss=0.022303373, |ps|=7.609152, |g|=0.02341733
			Traj 4, Loss=0.03077514, |ps|=7.6182175, |g|=0.019713216
			Traj 5, Loss=0.02596293, |ps|=7.630795, |g|=0.015475203
			Traj 6, Loss=0.020169318, |ps|=7.6457887, |g|=0.026673762
			Traj 7, Loss=0.017829267, |ps|=7.656702, |g|=0.021888508
			Traj 8, Loss=0.015327697, |ps|=7.667598, |g|=0.0128768915
			Traj 9, Loss=0.020139324, |ps|=7.677564, |g|=0.0123884035
			Traj 10, Loss=0.021081347, |ps|=7.685414, |g|=0.019397171
	IC 4, Loss=0.021081347, |ps|=7.685414, |g|=0.019397171
			Traj 1, Loss=0.023998376, |ps|=7.689242, |g|=0.042707916
			Traj 2, Loss=0.026397984, |ps|=7.6947913, |g|=0.021781271
			Traj 3, Loss=0.027962634, |ps|=7.700974, |g|=0.09972792
			Traj 4, Loss=0.029603902, |ps|=7.7129574, |g|=0.021522712
			Traj 5, Loss=0.025685534, |ps|=7.7254677, |g|=0.054216255
			Traj 6, Loss=0.020912599, |ps|=7.7327585, |g|=0.021127291
			Traj 7, Loss=0.024454542, |ps|=7.739357, |g|=0.020312423
			Traj 8, Loss=0.023659904, |ps|=7.744148, |g|=0.027142426
			Traj 9, Loss=0.029672442, |ps|=7.7528706, |g|=0.026205007
			Traj 10, Loss=0.0313757, |ps|=7.765441, |g|=0.034349795
	IC 5, Loss=0.0313757, |ps|=7.765441, |g|=0.034349795
