Host cso14c112 | ArrayJob 1292136 | Task 4
		Number of updates per IC: 50
		Number of total updates: 250
		Length of gap timestepping (hours): 13.333333
		Length of trajectory differentiation (hours): Start: 13.333333	End: 26.666666
		Training period per ic (days): Start: 55.555557	End: 83.333336
			Traj 1, Loss=1.6756356, |ps|=40.000496, |g|=0.274838
			Traj 2, Loss=1.6884449, |ps|=40.001995, |g|=0.27697247
			Traj 3, Loss=1.5744134, |ps|=40.004463, |g|=0.2664573
			Traj 4, Loss=1.5865425, |ps|=40.007885, |g|=0.2673877
			Traj 5, Loss=1.5026786, |ps|=40.012253, |g|=0.26013586
			Traj 6, Loss=1.4709799, |ps|=40.01753, |g|=0.25799125
			Traj 7, Loss=1.4394901, |ps|=40.02371, |g|=0.25476816
			Traj 8, Loss=1.3519454, |ps|=40.030727, |g|=0.24764664
			Traj 9, Loss=1.3664458, |ps|=40.038593, |g|=0.24778923
			Traj 10, Loss=1.252683, |ps|=40.047222, |g|=0.2380207
	IC 1, Loss=1.252683, |ps|=40.047222, |g|=0.2380207
			Traj 1, Loss=1.722944, |ps|=40.05651, |g|=0.3328527
			Traj 2, Loss=1.7631611, |ps|=40.067547, |g|=0.33674
			Traj 3, Loss=1.664783, |ps|=40.079933, |g|=0.3262687
			Traj 4, Loss=1.5859705, |ps|=40.093323, |g|=0.3193636
			Traj 5, Loss=1.6037124, |ps|=40.10761, |g|=0.31927958
			Traj 6, Loss=1.4390422, |ps|=40.122585, |g|=0.30398503
			Traj 7, Loss=1.4414436, |ps|=40.13815, |g|=0.30430245
			Traj 8, Loss=1.3927832, |ps|=40.15432, |g|=0.29790828
			Traj 9, Loss=1.2890018, |ps|=40.17091, |g|=0.28685746
			Traj 10, Loss=1.3067826, |ps|=40.187984, |g|=0.28870434
	IC 2, Loss=1.3067826, |ps|=40.187984, |g|=0.28870434
			Traj 1, Loss=1.601299, |ps|=40.205105, |g|=0.37186062
			Traj 2, Loss=1.6302555, |ps|=40.22425, |g|=0.37389448
			Traj 3, Loss=1.5787934, |ps|=40.244827, |g|=0.36749476
			Traj 4, Loss=1.4249866, |ps|=40.26618, |g|=0.35056674
			Traj 5, Loss=1.4452653, |ps|=40.288124, |g|=0.35189888
			Traj 6, Loss=1.4092624, |ps|=40.310635, |g|=0.34652165
			Traj 7, Loss=1.2587094, |ps|=40.33332, |g|=0.32864118
			Traj 8, Loss=1.262486, |ps|=40.35616, |g|=0.3281203
			Traj 9, Loss=1.2503353, |ps|=40.379307, |g|=0.3246281
			Traj 10, Loss=1.1052082, |ps|=40.402443, |g|=0.30720773
	IC 3, Loss=1.1052082, |ps|=40.402443, |g|=0.30720773
			Traj 1, Loss=1.3234094, |ps|=40.424614, |g|=0.3779906
			Traj 2, Loss=1.3303612, |ps|=40.44856, |g|=0.3783493
			Traj 3, Loss=1.3230029, |ps|=40.473755, |g|=0.3740966
			Traj 4, Loss=1.1822569, |ps|=40.49949, |g|=0.35708603
			Traj 5, Loss=1.1229061, |ps|=40.52529, |g|=0.3461848
			Traj 6, Loss=1.140673, |ps|=40.55134, |g|=0.35065243
			Traj 7, Loss=1.1039252, |ps|=40.577667, |g|=0.34237853
			Traj 8, Loss=0.98229796, |ps|=40.60381, |g|=0.32430556
			Traj 9, Loss=0.9591383, |ps|=40.629684, |g|=0.32069203
			Traj 10, Loss=0.97922325, |ps|=40.655613, |g|=0.32079506
	IC 4, Loss=0.97922325, |ps|=40.655613, |g|=0.32079506
			Traj 1, Loss=1.0690895, |ps|=40.680176, |g|=0.3753331
			Traj 2, Loss=1.058363, |ps|=40.706184, |g|=0.37502936
			Traj 3, Loss=1.074161, |ps|=40.73326, |g|=0.3743878
			Traj 4, Loss=1.0081106, |ps|=40.761032, |g|=0.3655521
			Traj 5, Loss=0.89688015, |ps|=40.788776, |g|=0.3416337
			Traj 6, Loss=0.8505212, |ps|=40.816, |g|=0.33336145
			Traj 7, Loss=0.86201996, |ps|=40.84294, |g|=0.33394384
			Traj 8, Loss=0.8526927, |ps|=40.869873, |g|=0.33024862
			Traj 9, Loss=0.7809617, |ps|=40.89657, |g|=0.31556818
			Traj 10, Loss=0.6990724, |ps|=40.92258, |g|=0.29947963
	IC 5, Loss=0.6990724, |ps|=40.92258, |g|=0.29947963
