ERROR: LoadError: UndefVarError: `RNG` not defined
Stacktrace:
 [1] getproperty(x::Module, f::Symbol)
   @ Base ./Base.jl:31
 [2] top-level scope
   @ ~/.julia/packages/WeightInitializers/dRa8u/ext/CUDAExt.jl:6
 [3] include
   @ ./Base.jl:495 [inlined]
 [4] include_package_for_output(pkg::Base.PkgId, input::String, depot_path::Vector{String}, dl_load_path::Vector{String}, load_path::Vector{String}, concrete_deps::Vector{Pair{Base.PkgId, UInt128}}, source::String)
   @ Base ./loading.jl:2292
 [5] top-level scope
   @ stdin:4
in expression starting at /home/stefansi/.julia/packages/WeightInitializers/dRa8u/ext/CUDAExt.jl:1
in expression starting at stdin:4
┌ Error: Error during loading of extension CUDAExt of WeightInitializers, use `Base.retry_load_extensions()` to retry.
│   exception =
│    1-element ExceptionStack:
│    Failed to precompile CUDAExt [0d0e9cde-cfc5-56bb-a277-295c1cc0b950] to "/home/stefansi/.julia/compiled/v1.10/CUDAExt/jl_LkpJsp".
│    Stacktrace:
│      [1] error(s::String)
│        @ Base ./error.jl:35
│      [2] compilecache(pkg::Base.PkgId, path::String, internal_stderr::IO, internal_stdout::IO, keep_loaded_modules::Bool)
│        @ Base ./loading.jl:2539
│      [3] compilecache
│        @ ./loading.jl:2411 [inlined]
│      [4] (::Base.var"#971#972"{Base.PkgId})()
│        @ Base ./loading.jl:2044
│      [5] mkpidlock(f::Base.var"#971#972"{Base.PkgId}, at::String, pid::Int32; kwopts::@Kwargs{stale_age::Int64, wait::Bool})
│        @ FileWatching.Pidfile /p/system/packages_rhel9/tools/julia/1.10.10/share/julia/stdlib/v1.10/FileWatching/src/pidfile.jl:93
│      [6] #mkpidlock#6
│        @ /p/system/packages_rhel9/tools/julia/1.10.10/share/julia/stdlib/v1.10/FileWatching/src/pidfile.jl:88 [inlined]
│      [7] trymkpidlock(::Function, ::Vararg{Any}; kwargs::@Kwargs{stale_age::Int64})
│        @ FileWatching.Pidfile /p/system/packages_rhel9/tools/julia/1.10.10/share/julia/stdlib/v1.10/FileWatching/src/pidfile.jl:111
│      [8] #invokelatest#2
│        @ ./essentials.jl:894 [inlined]
│      [9] invokelatest
│        @ ./essentials.jl:889 [inlined]
│     [10] maybe_cachefile_lock(f::Base.var"#971#972"{Base.PkgId}, pkg::Base.PkgId, srcpath::String; stale_age::Int64)
│        @ Base ./loading.jl:3054
│     [11] maybe_cachefile_lock
│        @ ./loading.jl:3051 [inlined]
│     [12] _require(pkg::Base.PkgId, env::Nothing)
│        @ Base ./loading.jl:2040
│     [13] __require_prelocked(uuidkey::Base.PkgId, env::Nothing)
│        @ Base ./loading.jl:1882
│     [14] #invoke_in_world#3
│        @ ./essentials.jl:926 [inlined]
│     [15] invoke_in_world
│        @ ./essentials.jl:923 [inlined]
│     [16] _require_prelocked
│        @ ./loading.jl:1873 [inlined]
│     [17] _require_prelocked
│        @ ./loading.jl:1872 [inlined]
│     [18] run_extension_callbacks(extid::Base.ExtensionId)
│        @ Base ./loading.jl:1365
│     [19] run_extension_callbacks(pkgid::Base.PkgId)
│        @ Base ./loading.jl:1400
│     [20] run_package_callbacks(modkey::Base.PkgId)
│        @ Base ./loading.jl:1224
│     [21] __require_prelocked(uuidkey::Base.PkgId, env::String)
│        @ Base ./loading.jl:1889
│     [22] #invoke_in_world#3
│        @ ./essentials.jl:926 [inlined]
│     [23] invoke_in_world
│        @ ./essentials.jl:923 [inlined]
│     [24] _require_prelocked(uuidkey::Base.PkgId, env::String)
│        @ Base ./loading.jl:1873
│     [25] macro expansion
│        @ ./loading.jl:1860 [inlined]
│     [26] macro expansion
│        @ ./lock.jl:267 [inlined]
│     [27] __require(into::Module, mod::Symbol)
│        @ Base ./loading.jl:1823
│     [28] #invoke_in_world#3
│        @ ./essentials.jl:926 [inlined]
│     [29] invoke_in_world
│        @ ./essentials.jl:923 [inlined]
│     [30] require(into::Module, mod::Symbol)
│        @ Base ./loading.jl:1816
│     [31] include
│        @ ./Base.jl:495 [inlined]
│     [32] include_package_for_output(pkg::Base.PkgId, input::String, depot_path::Vector{String}, dl_load_path::Vector{String}, load_path::Vector{String}, concrete_deps::Vector{Pair{Base.PkgId, UInt128}}, source::String)
│        @ Base ./loading.jl:2292
│     [33] top-level scope
│        @ stdin:4
│     [34] eval
│        @ ./boot.jl:385 [inlined]
│     [35] include_string(mapexpr::typeof(identity), mod::Module, code::String, filename::String)
│        @ Base ./loading.jl:2146
│     [36] include_string
│        @ ./loading.jl:2156 [inlined]
│     [37] exec_options(opts::Base.JLOptions)
│        @ Base ./client.jl:321
│     [38] _start()
│        @ Base ./client.jl:557
└ @ Base loading.jl:1371
ERROR: LoadError: UndefVarError: `RNG` not defined
Stacktrace:
 [1] getproperty(x::Module, f::Symbol)
   @ Base ./Base.jl:31
 [2] top-level scope
   @ ~/.julia/packages/WeightInitializers/dRa8u/ext/CUDAExt.jl:6
 [3] include
   @ ./Base.jl:495 [inlined]
 [4] include_package_for_output(pkg::Base.PkgId, input::String, depot_path::Vector{String}, dl_load_path::Vector{String}, load_path::Vector{String}, concrete_deps::Vector{Pair{Base.PkgId, UInt128}}, source::String)
   @ Base ./loading.jl:2292
 [5] top-level scope
   @ stdin:4
in expression starting at /home/stefansi/.julia/packages/WeightInitializers/dRa8u/ext/CUDAExt.jl:1
in expression starting at stdin:4
GKS: cannot open display - headless operation mode active

[403043] signal (11.1): Segmentation fault
in expression starting at /p/tmp/stefansi/NeuralParam.jl/results/1_ConstLinearLW/calibration/calibration.jl:58
immut_id_ at /cache/build/builder-amdci5-7/julialang/julia-release-1-dot-10/src/builtins.c:390
type_hash at /cache/build/builder-amdci5-7/julialang/julia-release-1-dot-10/src/jltypes.c:1584
typekey_hash at /cache/build/builder-amdci5-7/julialang/julia-release-1-dot-10/src/jltypes.c:1614
jl_precompute_memoized_dt at /cache/build/builder-amdci5-7/julialang/julia-release-1-dot-10/src/jltypes.c:1694
inst_datatype_inner at /cache/build/builder-amdci5-7/julialang/julia-release-1-dot-10/src/jltypes.c:2141
jl_inst_arg_tuple_type at /cache/build/builder-amdci5-7/julialang/julia-release-1-dot-10/src/jltypes.c:2243
arg_type_tuple at /cache/build/builder-amdci5-7/julialang/julia-release-1-dot-10/src/gf.c:2232 [inlined]
jl_lookup_generic_ at /cache/build/builder-amdci5-7/julialang/julia-release-1-dot-10/src/gf.c:3021 [inlined]
ijl_apply_generic at /cache/build/builder-amdci5-7/julialang/julia-release-1-dot-10/src/gf.c:3073
leapfrog! at /home/stefansi/.julia/packages/SpeedyWeather/Gn1rQ/src/time_stepping/leapfrog.jl:154
timestep! at /home/stefansi/.julia/packages/SpeedyWeather/Gn1rQ/src/time_stepping/time_integration.jl:157
macro expansion at /p/tmp/stefansi/NeuralParam.jl/src/training/gradients.jl:85 [inlined]
#69 at /home/stefansi/.julia/packages/Checkpointing/BlbIX/src/Checkpointing.jl:133 [inlined]
#69 at /home/stefansi/.julia/packages/Checkpointing/BlbIX/src/Checkpointing.jl:0 [inlined]
diffejulia__69_15900_inner_1wrap at /home/stefansi/.julia/packages/Checkpointing/BlbIX/src/Checkpointing.jl:0
macro expansion at /home/stefansi/.julia/packages/Enzyme/EuRIp/src/compiler.jl:6780 [inlined]
enzyme_call at /home/stefansi/.julia/packages/Enzyme/EuRIp/src/compiler.jl:6259 [inlined]
CombinedAdjointThunk at /home/stefansi/.julia/packages/Enzyme/EuRIp/src/compiler.jl:6143 [inlined]
autodiff at /home/stefansi/.julia/packages/Enzyme/EuRIp/src/Enzyme.jl:536
unknown function (ip: 0x7fd45d2a23f1)
_jl_invoke at /cache/build/builder-amdci5-7/julialang/julia-release-1-dot-10/src/gf.c:2895 [inlined]
ijl_apply_generic at /cache/build/builder-amdci5-7/julialang/julia-release-1-dot-10/src/gf.c:3077
rev_checkpoint_for at /home/stefansi/.julia/packages/Checkpointing/BlbIX/src/Schemes/Revolve.jl:450
unknown function (ip: 0x7fd45d2905e6)
reverse at /home/stefansi/.julia/packages/Checkpointing/BlbIX/src/Rules/EnzymeRules.jl:114 [inlined]
macro expansion at /home/stefansi/.julia/packages/Checkpointing/BlbIX/src/Checkpointing.jl:135 [inlined]
checkpointed_timesteps! at /p/tmp/stefansi/NeuralParam.jl/src/training/gradients.jl:84 [inlined]
checkpointed_timesteps! at /p/tmp/stefansi/NeuralParam.jl/src/training/gradients.jl:84 [inlined]
checkpointed_timesteps! at /p/tmp/stefansi/NeuralParam.jl/src/training/gradients.jl:0 [inlined]
diffejulia_checkpointed_timesteps__9269_inner_1wrap at /p/tmp/stefansi/NeuralParam.jl/src/training/gradients.jl:0
macro expansion at /home/stefansi/.julia/packages/Enzyme/EuRIp/src/compiler.jl:6780 [inlined]
enzyme_call at /home/stefansi/.julia/packages/Enzyme/EuRIp/src/compiler.jl:6259 [inlined]
CombinedAdjointThunk at /home/stefansi/.julia/packages/Enzyme/EuRIp/src/compiler.jl:6143 [inlined]
autodiff at /home/stefansi/.julia/packages/Enzyme/EuRIp/src/Enzyme.jl:536 [inlined]
autodiff at /home/stefansi/.julia/packages/Enzyme/EuRIp/src/Enzyme.jl:557 [inlined]
compute_gradients at /p/tmp/stefansi/NeuralParam.jl/src/training/gradients.jl:57
#online_training_step#74 at /p/tmp/stefansi/NeuralParam.jl/src/training/training_online.jl:237
online_training_step at /p/tmp/stefansi/NeuralParam.jl/src/training/training_online.jl:226
unknown function (ip: 0x7fd45d1d6849)
_jl_invoke at /cache/build/builder-amdci5-7/julialang/julia-release-1-dot-10/src/gf.c:2895 [inlined]
ijl_apply_generic at /cache/build/builder-amdci5-7/julialang/julia-release-1-dot-10/src/gf.c:3077
#training_online#73 at /p/tmp/stefansi/NeuralParam.jl/src/training/training_online.jl:146
training_online at /p/tmp/stefansi/NeuralParam.jl/src/training/training_online.jl:31 [inlined]
#run_training#77 at /p/tmp/stefansi/NeuralParam.jl/src/training/run_training.jl:32
run_training at /p/tmp/stefansi/NeuralParam.jl/src/training/run_training.jl:8
unknown function (ip: 0x7fd45f260a10)
_jl_invoke at /cache/build/builder-amdci5-7/julialang/julia-release-1-dot-10/src/gf.c:2895 [inlined]
ijl_apply_generic at /cache/build/builder-amdci5-7/julialang/julia-release-1-dot-10/src/gf.c:3077
jl_apply at /cache/build/builder-amdci5-7/julialang/julia-release-1-dot-10/src/julia.h:1982 [inlined]
do_call at /cache/build/builder-amdci5-7/julialang/julia-release-1-dot-10/src/interpreter.c:126
eval_value at /cache/build/builder-amdci5-7/julialang/julia-release-1-dot-10/src/interpreter.c:223
eval_stmt_value at /cache/build/builder-amdci5-7/julialang/julia-release-1-dot-10/src/interpreter.c:174 [inlined]
eval_body at /cache/build/builder-amdci5-7/julialang/julia-release-1-dot-10/src/interpreter.c:617
jl_interpret_toplevel_thunk at /cache/build/builder-amdci5-7/julialang/julia-release-1-dot-10/src/interpreter.c:775
jl_toplevel_eval_flex at /cache/build/builder-amdci5-7/julialang/julia-release-1-dot-10/src/toplevel.c:934
jl_toplevel_eval_flex at /cache/build/builder-amdci5-7/julialang/julia-release-1-dot-10/src/toplevel.c:877
ijl_toplevel_eval_in at /cache/build/builder-amdci5-7/julialang/julia-release-1-dot-10/src/toplevel.c:985
eval at ./boot.jl:385 [inlined]
include_string at ./loading.jl:2146
_jl_invoke at /cache/build/builder-amdci5-7/julialang/julia-release-1-dot-10/src/gf.c:2895 [inlined]
ijl_apply_generic at /cache/build/builder-amdci5-7/julialang/julia-release-1-dot-10/src/gf.c:3077
_include at ./loading.jl:2206
include at ./Base.jl:495
jfptr_include_46653.1 at /p/system/packages_rhel9/tools/julia/1.10.10/lib/julia/sys.so (unknown line)
_jl_invoke at /cache/build/builder-amdci5-7/julialang/julia-release-1-dot-10/src/gf.c:2895 [inlined]
ijl_apply_generic at /cache/build/builder-amdci5-7/julialang/julia-release-1-dot-10/src/gf.c:3077
exec_options at ./client.jl:323
_start at ./client.jl:557
jfptr__start_83114.1 at /p/system/packages_rhel9/tools/julia/1.10.10/lib/julia/sys.so (unknown line)
_jl_invoke at /cache/build/builder-amdci5-7/julialang/julia-release-1-dot-10/src/gf.c:2895 [inlined]
ijl_apply_generic at /cache/build/builder-amdci5-7/julialang/julia-release-1-dot-10/src/gf.c:3077
jl_apply at /cache/build/builder-amdci5-7/julialang/julia-release-1-dot-10/src/julia.h:1982 [inlined]
true_main at /cache/build/builder-amdci5-7/julialang/julia-release-1-dot-10/src/jlapi.c:582
jl_repl_entrypoint at /cache/build/builder-amdci5-7/julialang/julia-release-1-dot-10/src/jlapi.c:731
main at julia (unknown line)
__libc_start_call_main at /lib64/libc.so.6 (unknown line)
__libc_start_main at /lib64/libc.so.6 (unknown line)
unknown function (ip: 0x4010b8)
Allocations: 6391682977 (Pool: 6381107592; Big: 10575385); GC: 6710
/var/spool/slurm/d/job1242313/slurm_script: line 22: 403043 Segmentation fault      (core dumped) julia --project=. results/1_ConstLinearLW/calibration/calibration.jl
