Host cso14c94 | ArrayJob 1292136 | Task 1
		Number of updates per IC: 50
		Number of total updates: 250
		Length of gap timestepping (hours): 13.333333
		Length of trajectory differentiation (hours): Start: 13.333333	End: 26.666666
		Training period per ic (days): Start: 55.555557	End: 83.333336
			Traj 1, Loss=0.28509265, |ps|=0.44647896, |g|=0.114700966
			Traj 2, Loss=0.24929178, |ps|=0.553661, |g|=0.10318833
			Traj 3, Loss=0.24778533, |ps|=0.6802336, |g|=0.10423667
			Traj 4, Loss=0.22652811, |ps|=0.81376994, |g|=0.09688622
			Traj 5, Loss=0.20827642, |ps|=0.9510161, |g|=0.093813084
			Traj 6, Loss=0.19953479, |ps|=1.0913242, |g|=0.09129226
			Traj 7, Loss=0.18120691, |ps|=1.231822, |g|=0.0850354
			Traj 8, Loss=0.17880374, |ps|=1.3726618, |g|=0.086499006
			Traj 9, Loss=0.15990697, |ps|=1.5106387, |g|=0.078248255
			Traj 10, Loss=0.15963823, |ps|=1.6467798, |g|=0.08057082
	IC 1, Loss=0.15963823, |ps|=1.6467798, |g|=0.08057082
			Traj 1, Loss=0.21436232, |ps|=1.7819977, |g|=0.11153671
			Traj 2, Loss=0.19000213, |ps|=1.925754, |g|=0.09979309
			Traj 3, Loss=0.17658575, |ps|=2.066973, |g|=0.09680739
			Traj 4, Loss=0.17499541, |ps|=2.2064376, |g|=0.096562475
			Traj 5, Loss=0.15311357, |ps|=2.3390374, |g|=0.08443488
			Traj 6, Loss=0.15186477, |ps|=2.4659362, |g|=0.08833486
			Traj 7, Loss=0.13752274, |ps|=2.5878081, |g|=0.080839716
			Traj 8, Loss=0.12574926, |ps|=2.7016249, |g|=0.07411411
			Traj 9, Loss=0.12674297, |ps|=2.8114169, |g|=0.07708525
			Traj 10, Loss=0.10983682, |ps|=2.9146223, |g|=0.06703545
	IC 2, Loss=0.10983682, |ps|=2.9146223, |g|=0.06703545
			Traj 1, Loss=0.14653791, |ps|=3.012558, |g|=0.09435298
			Traj 2, Loss=0.13432275, |ps|=3.1156385, |g|=0.08309778
			Traj 3, Loss=0.1158395, |ps|=3.2136495, |g|=0.07401629
			Traj 4, Loss=0.117904924, |ps|=3.3109033, |g|=0.08030189
			Traj 5, Loss=0.11174399, |ps|=3.406323, |g|=0.070093356
			Traj 6, Loss=0.09669445, |ps|=3.4929397, |g|=0.061577853
			Traj 7, Loss=0.1002091, |ps|=3.5770264, |g|=0.06913657
			Traj 8, Loss=0.09556865, |ps|=3.6580222, |g|=0.05918275
			Traj 9, Loss=0.093181886, |ps|=3.7298787, |g|=0.050822493
			Traj 10, Loss=0.08442605, |ps|=3.7987866, |g|=0.058903527
	IC 3, Loss=0.08442605, |ps|=3.7987866, |g|=0.058903527
			Traj 1, Loss=0.10228946, |ps|=3.8662744, |g|=0.0663698
			Traj 2, Loss=0.09978013, |ps|=3.934698, |g|=0.05886379
			Traj 3, Loss=0.103926614, |ps|=3.9951143, |g|=0.04980324
			Traj 4, Loss=0.08848571, |ps|=4.050378, |g|=0.05254017
			Traj 5, Loss=0.08876764, |ps|=4.1056666, |g|=0.053947564
			Traj 6, Loss=0.08741899, |ps|=4.156079, |g|=0.04495279
			Traj 7, Loss=0.094955124, |ps|=4.1991653, |g|=0.041241754
			Traj 8, Loss=0.08267614, |ps|=4.240493, |g|=0.044692166
			Traj 9, Loss=0.076454684, |ps|=4.2803674, |g|=0.040471468
			Traj 10, Loss=0.08352372, |ps|=4.3147206, |g|=0.033034496
	IC 4, Loss=0.08352372, |ps|=4.3147206, |g|=0.033034496
			Traj 1, Loss=0.093626745, |ps|=4.347735, |g|=0.045044724
			Traj 2, Loss=0.09500072, |ps|=4.383024, |g|=0.041051604
			Traj 3, Loss=0.097924836, |ps|=4.41207, |g|=0.03211069
			Traj 4, Loss=0.093519546, |ps|=4.434101, |g|=0.031393196
			Traj 5, Loss=0.08997949, |ps|=4.455891, |g|=0.032187454
			Traj 6, Loss=0.08537307, |ps|=4.4819126, |g|=0.035830297
			Traj 7, Loss=0.09080064, |ps|=4.507256, |g|=0.027097456
			Traj 8, Loss=0.09067078, |ps|=4.5234847, |g|=0.023099836
			Traj 9, Loss=0.08963217, |ps|=4.5373282, |g|=0.025713924
			Traj 10, Loss=0.0872323, |ps|=4.5564322, |g|=0.026705792
	IC 5, Loss=0.0872323, |ps|=4.5564322, |g|=0.026705792
