Host cso14c94 | ArrayJob 1277842 | Task 7
		Number of updates per IC: 50
		Number of total updates: 250
		Length of gap timestepping (hours): 13.333333
		Length of trajectory differentiation (hours): Start: 13.333333	End: 26.666666
		Training period per ic (days): Start: 55.555557	End: 83.333336
			Traj 1, Loss=0.013763539, |ps|=4.001245, |g|=0.0234836
			Traj 2, Loss=0.011773633, |ps|=4.008194, |g|=0.021338439
			Traj 3, Loss=0.007935725, |ps|=4.018347, |g|=0.016461235
			Traj 4, Loss=0.007002008, |ps|=4.027145, |g|=0.014064216
			Traj 5, Loss=0.0047859545, |ps|=4.035898, |g|=0.01084891
			Traj 6, Loss=0.003571607, |ps|=4.0426006, |g|=0.008084896
			Traj 7, Loss=0.0034757284, |ps|=4.0473404, |g|=0.006491164
			Traj 8, Loss=0.0026815345, |ps|=4.048254, |g|=0.0039585033
			Traj 9, Loss=0.0026813487, |ps|=4.0459237, |g|=0.0032673376
			Traj 10, Loss=0.0024626674, |ps|=4.039578, |g|=0.001983213
	IC 1, Loss=0.0024626674, |ps|=4.039578, |g|=0.001983213
			Traj 1, Loss=0.004536732, |ps|=4.0365825, |g|=0.004225568
			Traj 2, Loss=0.0059341155, |ps|=4.034539, |g|=0.0049289
			Traj 3, Loss=0.0050415336, |ps|=4.034257, |g|=0.0054125087
			Traj 4, Loss=0.0035920779, |ps|=4.032603, |g|=0.003511997
			Traj 5, Loss=0.0048148423, |ps|=4.0298166, |g|=0.0026933441
			Traj 6, Loss=0.0045305956, |ps|=4.025552, |g|=0.0022463533
			Traj 7, Loss=0.0053562415, |ps|=4.018983, |g|=0.002621771
			Traj 8, Loss=0.004729104, |ps|=4.012253, |g|=0.0034512742
			Traj 9, Loss=0.0035446011, |ps|=4.0031013, |g|=0.0040624724
			Traj 10, Loss=0.004431537, |ps|=3.9927456, |g|=0.0016567364
	IC 2, Loss=0.004431537, |ps|=3.9927456, |g|=0.0016567364
			Traj 1, Loss=0.0066207466, |ps|=3.9884465, |g|=0.0031410835
			Traj 2, Loss=0.009505389, |ps|=3.985371, |g|=0.004189082
			Traj 3, Loss=0.008581672, |ps|=3.9840586, |g|=0.0061597447
			Traj 4, Loss=0.006294928, |ps|=3.9822571, |g|=0.00222279
			Traj 5, Loss=0.009144767, |ps|=3.9792044, |g|=0.0034806207
			Traj 6, Loss=0.008351485, |ps|=3.976463, |g|=0.005009916
			Traj 7, Loss=0.0064112386, |ps|=3.9723938, |g|=0.0041157464
			Traj 8, Loss=0.009396962, |ps|=3.9668045, |g|=0.0039476873
			Traj 9, Loss=0.008777688, |ps|=3.9617033, |g|=0.0049473317
			Traj 10, Loss=0.006358249, |ps|=3.955521, |g|=0.005169467
	IC 3, Loss=0.006358249, |ps|=3.955521, |g|=0.005169467
			Traj 1, Loss=0.008690199, |ps|=3.9527545, |g|=0.00391729
			Traj 2, Loss=0.009464927, |ps|=3.951004, |g|=0.006009876
			Traj 3, Loss=0.010678623, |ps|=3.9503846, |g|=0.005176116
			Traj 4, Loss=0.008112346, |ps|=3.9501355, |g|=0.005401316
			Traj 5, Loss=0.008978283, |ps|=3.948723, |g|=0.007528823
			Traj 6, Loss=0.012332329, |ps|=3.946653, |g|=0.00416382
			Traj 7, Loss=0.0118574, |ps|=3.9447432, |g|=0.005105566
			Traj 8, Loss=0.007882563, |ps|=3.9421446, |g|=0.005017684
			Traj 9, Loss=0.006368274, |ps|=3.9384584, |g|=0.0069870823
			Traj 10, Loss=0.009127573, |ps|=3.9347227, |g|=0.0030206572
	IC 4, Loss=0.009127573, |ps|=3.9347227, |g|=0.0030206572
			Traj 1, Loss=0.012676025, |ps|=3.9336214, |g|=0.005854565
			Traj 2, Loss=0.009412119, |ps|=3.9332361, |g|=0.008365953
			Traj 3, Loss=0.014380664, |ps|=3.9335222, |g|=0.0053865807
			Traj 4, Loss=0.016221568, |ps|=3.9342494, |g|=0.006981496
			Traj 5, Loss=0.009853793, |ps|=3.934648, |g|=0.003955996
			Traj 6, Loss=0.013083578, |ps|=3.9340696, |g|=0.009092569
			Traj 7, Loss=0.01602788, |ps|=3.9328952, |g|=0.0065846117
			Traj 8, Loss=0.013518598, |ps|=3.9316745, |g|=0.0044328817
			Traj 9, Loss=0.01111056, |ps|=3.930278, |g|=0.0080716405
			Traj 10, Loss=0.011787802, |ps|=3.928137, |g|=0.008217907
	IC 5, Loss=0.011787802, |ps|=3.928137, |g|=0.008217907
