Host cso14c75 | ArrayJob 1242385 | Task 0
		Number of updates per IC: 50
		Number of total updates: 250
		Length of gap timestepping (hours): 33.333332
		Length of trajectory differentiation (hours): Start: 13.333333	End: 46.666668
		Training period per ic (days): Start: 97.22222	End: 166.66667
			Traj 1, Loss=0.29161727, |ps|=7.0666757, |g|=0.41416913
			Traj 2, Loss=0.2503191, |ps|=7.0558033, |g|=0.38469487
			Traj 3, Loss=0.21330723, |ps|=7.0560536, |g|=0.37067232
			Traj 4, Loss=0.17259124, |ps|=7.066664, |g|=0.36887228
			Traj 5, Loss=0.13287923, |ps|=7.0857086, |g|=0.33925295
			Traj 6, Loss=0.09765244, |ps|=7.109039, |g|=0.28559688
			Traj 7, Loss=0.07116838, |ps|=7.129121, |g|=0.21961388
			Traj 8, Loss=0.05012325, |ps|=7.1414595, |g|=0.15360193
			Traj 9, Loss=0.03947673, |ps|=7.142909, |g|=0.11416428
			Traj 10, Loss=0.035395253, |ps|=7.12979, |g|=0.108117536
	IC 1, Loss=0.035395253, |ps|=7.12979, |g|=0.108117536
			Traj 1, Loss=0.053052228, |ps|=7.110751, |g|=0.28510118
			Traj 2, Loss=0.046171866, |ps|=7.087133, |g|=0.14669585
			Traj 3, Loss=0.05132034, |ps|=7.067392, |g|=0.10135203
			Traj 4, Loss=0.053106796, |ps|=7.053986, |g|=0.09753412
			Traj 5, Loss=0.052392025, |ps|=7.0462284, |g|=0.085760094
			Traj 6, Loss=0.043284692, |ps|=7.042445, |g|=0.07427836
			Traj 7, Loss=0.0433379, |ps|=7.040744, |g|=0.061875995
			Traj 8, Loss=0.037398513, |ps|=7.0390296, |g|=0.05265674
			Traj 9, Loss=0.033772048, |ps|=7.0363393, |g|=0.048100796
			Traj 10, Loss=0.031062175, |ps|=7.0316076, |g|=0.03933093
	IC 2, Loss=0.031062175, |ps|=7.0316076, |g|=0.03933093
			Traj 1, Loss=0.047866423, |ps|=7.024266, |g|=0.16908215
			Traj 2, Loss=0.054557376, |ps|=7.0121555, |g|=0.13245375
			Traj 3, Loss=0.06846876, |ps|=6.9995565, |g|=0.091338634
			Traj 4, Loss=0.05870886, |ps|=6.9922957, |g|=0.16637738
			Traj 5, Loss=0.04718411, |ps|=6.993242, |g|=0.23440415
			Traj 6, Loss=0.058585197, |ps|=6.995537, |g|=0.055699028
			Traj 7, Loss=0.065789014, |ps|=6.994251, |g|=0.09794478
			Traj 8, Loss=0.055123776, |ps|=6.9917445, |g|=0.06714097
			Traj 9, Loss=0.045747787, |ps|=6.9915814, |g|=0.113263585
			Traj 10, Loss=0.05472017, |ps|=6.98972, |g|=0.09169132
	IC 3, Loss=0.05472017, |ps|=6.98972, |g|=0.09169132
			Traj 1, Loss=0.060508396, |ps|=6.984131, |g|=0.08967127
			Traj 2, Loss=0.08882458, |ps|=6.9777265, |g|=0.42288637
			Traj 3, Loss=0.06992678, |ps|=6.973198, |g|=0.795519
			Traj 4, Loss=0.06554825, |ps|=6.972132, |g|=0.32774645
			Traj 5, Loss=0.077544734, |ps|=6.970437, |g|=0.16223557
			Traj 6, Loss=0.06576285, |ps|=6.970724, |g|=0.2610782
			Traj 7, Loss=0.08540189, |ps|=6.971375, |g|=0.18084176
			Traj 8, Loss=0.074411005, |ps|=6.971218, |g|=0.47397128
			Traj 9, Loss=0.073984414, |ps|=6.9728746, |g|=3.816119
			Traj 10, Loss=0.10280991, |ps|=6.973351, |g|=2.4986205
	IC 4, Loss=0.10280991, |ps|=6.973351, |g|=2.4986205
			Traj 1, Loss=0.100435264, |ps|=6.9697104, |g|=1.8945698
			Traj 2, Loss=0.12643927, |ps|=6.9644856, |g|=26.696312
			Traj 3, Loss=0.103583984, |ps|=6.959917, |g|=3.1182315
			Traj 4, Loss=0.13296154, |ps|=6.9567122, |g|=21.151302
			Traj 5, Loss=0.12810607, |ps|=6.9541664, |g|=16.772882
			Traj 6, Loss=0.12834273, |ps|=6.9525957, |g|=388.55276
			Traj 7, Loss=0.11859842, |ps|=6.9499288, |g|=12.726588
			Traj 8, Loss=0.1406804, |ps|=6.947761, |g|=22.85143
			Traj 9, Loss=0.12965469, |ps|=6.946564, |g|=3.367121
			Traj 10, Loss=0.15066116, |ps|=6.946572, |g|=35.449474
	IC 5, Loss=0.15066116, |ps|=6.946572, |g|=35.449474
