Host cso14c75 | ArrayJob 1242386 | Task 1
		Number of updates per IC: 50
		Number of total updates: 750
		Length of gap timestepping (hours): 33.333332
		Length of trajectory differentiation (hours): Start: 6.6666665	End: 26.666666
		Training period per ic (days): Start: 250.0	End: 375.0
			Traj 1, Loss=0.11314911, |ps|=6.9932523, |g|=0.124178626
			Traj 2, Loss=0.10200931, |ps|=6.951666, |g|=0.12270586
			Traj 3, Loss=0.09179003, |ps|=6.9225125, |g|=0.1248808
			Traj 4, Loss=0.07835123, |ps|=6.9049535, |g|=0.13067248
			Traj 5, Loss=0.06479929, |ps|=6.899346, |g|=0.13256085
			Traj 6, Loss=0.05331794, |ps|=6.903668, |g|=0.13010402
			Traj 7, Loss=0.039561417, |ps|=6.9120016, |g|=0.11763056
			Traj 8, Loss=0.026901666, |ps|=6.918057, |g|=0.091128424
			Traj 9, Loss=0.018286161, |ps|=6.917721, |g|=0.05503296
			Traj 10, Loss=0.013046056, |ps|=6.904891, |g|=0.03084233
	IC 1, Loss=0.013046056, |ps|=6.904891, |g|=0.03084233
			Traj 1, Loss=0.013150325, |ps|=6.8841944, |g|=0.06962284
			Traj 2, Loss=0.011861169, |ps|=6.853167, |g|=0.045855995
			Traj 3, Loss=0.013293505, |ps|=6.8206134, |g|=0.019873545
			Traj 4, Loss=0.0120844375, |ps|=6.791504, |g|=0.015703497
			Traj 5, Loss=0.012717531, |ps|=6.767686, |g|=0.023635687
			Traj 6, Loss=0.011055643, |ps|=6.7491584, |g|=0.027685413
			Traj 7, Loss=0.010600733, |ps|=6.734892, |g|=0.027923673
			Traj 8, Loss=0.009079958, |ps|=6.722781, |g|=0.021756185
			Traj 9, Loss=0.008886834, |ps|=6.710042, |g|=0.011578709
			Traj 10, Loss=0.010517891, |ps|=6.6945972, |g|=0.012128213
	IC 2, Loss=0.010517891, |ps|=6.6945972, |g|=0.012128213
			Traj 1, Loss=0.014143869, |ps|=6.6810236, |g|=0.079331554
			Traj 2, Loss=0.013028708, |ps|=6.6639876, |g|=0.044290442
			Traj 3, Loss=0.0136507545, |ps|=6.6478567, |g|=0.021256838
			Traj 4, Loss=0.015979214, |ps|=6.6347065, |g|=0.019949498
			Traj 5, Loss=0.0136192655, |ps|=6.6249747, |g|=0.02563707
			Traj 6, Loss=0.013572328, |ps|=6.6181235, |g|=0.026933016
			Traj 7, Loss=0.013656937, |ps|=6.613237, |g|=0.024573684
			Traj 8, Loss=0.011497622, |ps|=6.6095867, |g|=0.024290344
			Traj 9, Loss=0.011275064, |ps|=6.6065907, |g|=0.025065737
			Traj 10, Loss=0.011182488, |ps|=6.6035666, |g|=0.02249983
	IC 3, Loss=0.011182488, |ps|=6.6035666, |g|=0.02249983
			Traj 1, Loss=0.010989568, |ps|=6.6001725, |g|=0.04246692
			Traj 2, Loss=0.0116232475, |ps|=6.5950847, |g|=0.03086847
			Traj 3, Loss=0.012442191, |ps|=6.5895433, |g|=0.019006746
			Traj 4, Loss=0.0136175435, |ps|=6.5841885, |g|=0.013301048
			Traj 5, Loss=0.01373593, |ps|=6.579424, |g|=0.014431532
			Traj 6, Loss=0.013398544, |ps|=6.5753093, |g|=0.01743994
			Traj 7, Loss=0.012736301, |ps|=6.5717998, |g|=0.019400833
			Traj 8, Loss=0.014633112, |ps|=6.568873, |g|=0.02110369
			Traj 9, Loss=0.01318969, |ps|=6.5664234, |g|=0.02084278
			Traj 10, Loss=0.012047921, |ps|=6.5644603, |g|=0.024278855
	IC 4, Loss=0.012047921, |ps|=6.5644603, |g|=0.024278855
			Traj 1, Loss=0.0127894515, |ps|=6.5629387, |g|=0.034230668
			Traj 2, Loss=0.013983726, |ps|=6.560901, |g|=0.027675904
			Traj 3, Loss=0.014133634, |ps|=6.558858, |g|=0.023525009
			Traj 4, Loss=0.014953919, |ps|=6.5569696, |g|=0.020347985
			Traj 5, Loss=0.015920043, |ps|=6.5552754, |g|=0.017616306
			Traj 6, Loss=0.017461643, |ps|=6.553712, |g|=0.016405629
			Traj 7, Loss=0.016590986, |ps|=6.5521965, |g|=0.016534954
			Traj 8, Loss=0.014581725, |ps|=6.5507374, |g|=0.01852524
			Traj 9, Loss=0.015946688, |ps|=6.549335, |g|=0.021904416
			Traj 10, Loss=0.01611711, |ps|=6.547987, |g|=0.023642119
	IC 5, Loss=0.01611711, |ps|=6.547987, |g|=0.023642119
			Traj 1, Loss=0.0174016, |ps|=6.5468693, |g|=0.044368383
			Traj 2, Loss=0.017648807, |ps|=6.545358, |g|=0.03252759
			Traj 3, Loss=0.018383825, |ps|=6.5437946, |g|=0.026659096
			Traj 4, Loss=0.018895058, |ps|=6.5423965, |g|=0.023262877
			Traj 5, Loss=0.017638102, |ps|=6.541274, |g|=0.024417728
			Traj 6, Loss=0.01811535, |ps|=6.540474, |g|=0.030726766
			Traj 7, Loss=0.01825103, |ps|=6.54, |g|=0.034948017
			Traj 8, Loss=0.02059562, |ps|=6.5397787, |g|=0.039320067
			Traj 9, Loss=0.019158846, |ps|=6.5397625, |g|=0.038600862
			Traj 10, Loss=0.021506403, |ps|=6.539869, |g|=0.034767583
	IC 6, Loss=0.021506403, |ps|=6.539869, |g|=0.034767583
			Traj 1, Loss=0.02129978, |ps|=6.5394697, |g|=0.066492766
			Traj 2, Loss=0.020270888, |ps|=6.5386353, |g|=0.0503951
			Traj 3, Loss=0.019222166, |ps|=6.537659, |g|=0.038758975
			Traj 4, Loss=0.017957617, |ps|=6.536746, |g|=0.026088376
			Traj 5, Loss=0.018637022, |ps|=6.5360117, |g|=0.027428184
			Traj 6, Loss=0.018944824, |ps|=6.535515, |g|=0.03785893
			Traj 7, Loss=0.01969276, |ps|=6.5352564, |g|=0.04597365
			Traj 8, Loss=0.020616416, |ps|=6.535196, |g|=0.051878113
			Traj 9, Loss=0.02103202, |ps|=6.535314, |g|=0.060272068
			Traj 10, Loss=0.022250362, |ps|=6.53558, |g|=0.06455555
	IC 7, Loss=0.022250362, |ps|=6.53558, |g|=0.06455555
			Traj 1, Loss=0.019551694, |ps|=6.5354953, |g|=0.05896686
			Traj 2, Loss=0.01979357, |ps|=6.535175, |g|=0.041545138
			Traj 3, Loss=0.018423798, |ps|=6.534762, |g|=0.030511543
			Traj 4, Loss=0.018928057, |ps|=6.5343275, |g|=0.023591785
			Traj 5, Loss=0.01952648, |ps|=6.53393, |g|=0.016804604
			Traj 6, Loss=0.022240069, |ps|=6.5336056, |g|=0.020648357
			Traj 7, Loss=0.0205767, |ps|=6.5333595, |g|=0.02578717
			Traj 8, Loss=0.023570431, |ps|=6.5331645, |g|=0.02813624
			Traj 9, Loss=0.02345762, |ps|=6.5330043, |g|=0.03155703
			Traj 10, Loss=0.025111115, |ps|=6.5328746, |g|=0.03654084
	IC 8, Loss=0.025111115, |ps|=6.5328746, |g|=0.03654084
			Traj 1, Loss=0.020423261, |ps|=6.532738, |g|=0.054473482
			Traj 2, Loss=0.019334035, |ps|=6.5325346, |g|=0.03678179
			Traj 3, Loss=0.021326372, |ps|=6.5323176, |g|=0.028539918
			Traj 4, Loss=0.019795954, |ps|=6.532096, |g|=0.028286846
			Traj 5, Loss=0.025243904, |ps|=6.5318694, |g|=0.033982847
			Traj 6, Loss=0.024251007, |ps|=6.53164, |g|=0.04199469
			Traj 7, Loss=0.028568087, |ps|=6.53141, |g|=0.0510196
			Traj 8, Loss=0.032100193, |ps|=6.5311956, |g|=0.052792378
			Traj 9, Loss=0.036363948, |ps|=6.5310106, |g|=0.056262337
			Traj 10, Loss=0.03215076, |ps|=6.5308714, |g|=0.05245432
	IC 9, Loss=0.03215076, |ps|=6.5308714, |g|=0.05245432
			Traj 1, Loss=0.019781973, |ps|=6.53079, |g|=0.04399912
			Traj 2, Loss=0.022926873, |ps|=6.5306945, |g|=0.03136322
			Traj 3, Loss=0.023255423, |ps|=6.5305986, |g|=0.029507902
			Traj 4, Loss=0.025401356, |ps|=6.530499, |g|=0.039537758
			Traj 5, Loss=0.030616602, |ps|=6.530398, |g|=0.041391097
			Traj 6, Loss=0.033145126, |ps|=6.530309, |g|=0.040388964
			Traj 7, Loss=0.03415805, |ps|=6.5302405, |g|=0.04477566
			Traj 8, Loss=0.03381974, |ps|=6.5302024, |g|=0.056848448
			Traj 9, Loss=0.030234657, |ps|=6.5302057, |g|=0.0771892
			Traj 10, Loss=0.027195899, |ps|=6.530256, |g|=0.101256825
	IC 10, Loss=0.027195899, |ps|=6.530256, |g|=0.101256825
			Traj 1, Loss=0.022171836, |ps|=6.5302534, |g|=0.06959875
			Traj 2, Loss=0.025165977, |ps|=6.530215, |g|=0.052945945
			Traj 3, Loss=0.027025213, |ps|=6.530156, |g|=0.062780276
			Traj 4, Loss=0.035731852, |ps|=6.530082, |g|=0.08084296
			Traj 5, Loss=0.03649353, |ps|=6.530003, |g|=0.06434586
			Traj 6, Loss=0.029487887, |ps|=6.5299344, |g|=0.042014156
			Traj 7, Loss=0.024401255, |ps|=6.529893, |g|=0.05729804
			Traj 8, Loss=0.024212345, |ps|=6.529885, |g|=0.09247069
			Traj 9, Loss=0.02363661, |ps|=6.529911, |g|=0.12978429
			Traj 10, Loss=0.02847726, |ps|=6.529966, |g|=0.14602593
	IC 11, Loss=0.02847726, |ps|=6.529966, |g|=0.14602593
			Traj 1, Loss=0.031955738, |ps|=6.5299783, |g|=0.06405744
			Traj 2, Loss=0.03282154, |ps|=6.5299726, |g|=0.060325168
			Traj 3, Loss=0.035696413, |ps|=6.529955, |g|=0.0831374
			Traj 4, Loss=0.036555495, |ps|=6.5299296, |g|=0.08477316
			Traj 5, Loss=0.03882179, |ps|=6.5299025, |g|=0.07021674
			Traj 6, Loss=0.03611146, |ps|=6.5298815, |g|=0.06460123
			Traj 7, Loss=0.0321053, |ps|=6.529877, |g|=0.1190082
			Traj 8, Loss=0.035335883, |ps|=6.529891, |g|=0.15497252
			Traj 9, Loss=0.038210124, |ps|=6.5299163, |g|=0.15522562
			Traj 10, Loss=0.040647704, |ps|=6.529945, |g|=0.13897583
	IC 12, Loss=0.040647704, |ps|=6.529945, |g|=0.13897583
			Traj 1, Loss=0.03678521, |ps|=6.529952, |g|=0.07404293
			Traj 2, Loss=0.037217867, |ps|=6.529952, |g|=0.0802624
			Traj 3, Loss=0.048433136, |ps|=6.529947, |g|=0.09752516
			Traj 4, Loss=0.055674657, |ps|=6.529938, |g|=0.09285024
			Traj 5, Loss=0.04446673, |ps|=6.529931, |g|=0.09220139
			Traj 6, Loss=0.04016481, |ps|=6.5299296, |g|=0.14628428
			Traj 7, Loss=0.04452492, |ps|=6.529937, |g|=0.17973359
			Traj 8, Loss=0.05208209, |ps|=6.5299497, |g|=0.18241227
			Traj 9, Loss=0.052921195, |ps|=6.529964, |g|=0.18715912
			Traj 10, Loss=0.06239095, |ps|=6.5299773, |g|=0.1647522
	IC 13, Loss=0.06239095, |ps|=6.5299773, |g|=0.1647522
			Traj 1, Loss=0.043162506, |ps|=6.52998, |g|=0.08935997
			Traj 2, Loss=0.04822437, |ps|=6.529979, |g|=0.112592496
			Traj 3, Loss=0.0612362, |ps|=6.529976, |g|=0.13121039
			Traj 4, Loss=0.060594756, |ps|=6.5299706, |g|=0.11992164
			Traj 5, Loss=0.056508925, |ps|=6.529967, |g|=0.13844626
			Traj 6, Loss=0.054036234, |ps|=6.529967, |g|=0.19386609
			Traj 7, Loss=0.058669977, |ps|=6.5299697, |g|=0.19886872
			Traj 8, Loss=0.06651473, |ps|=6.5299745, |g|=0.15885635
			Traj 9, Loss=0.0652205, |ps|=6.5299783, |g|=0.16284727
			Traj 10, Loss=0.06534607, |ps|=6.529983, |g|=0.21298863
	IC 14, Loss=0.06534607, |ps|=6.529983, |g|=0.21298863
			Traj 1, Loss=0.04604959, |ps|=6.529984, |g|=0.09197324
			Traj 2, Loss=0.050611906, |ps|=6.529984, |g|=0.0837144
			Traj 3, Loss=0.061566167, |ps|=6.529982, |g|=0.14020275
			Traj 4, Loss=0.05874073, |ps|=6.5299788, |g|=0.1062528
			Traj 5, Loss=0.047015212, |ps|=6.529977, |g|=0.13779524
			Traj 6, Loss=0.04874121, |ps|=6.529977, |g|=0.15458633
			Traj 7, Loss=0.04776256, |ps|=6.529977, |g|=0.12935507
			Traj 8, Loss=0.06554743, |ps|=6.529978, |g|=0.12406238
			Traj 9, Loss=0.05880057, |ps|=6.5299788, |g|=0.19388859
			Traj 10, Loss=0.05728397, |ps|=6.529981, |g|=0.2547128
	IC 15, Loss=0.05728397, |ps|=6.529981, |g|=0.2547128
