Host cso14c75 | ArrayJob 1242386 | Task 2
		Number of updates per IC: 50
		Number of total updates: 500
		Length of gap timestepping (hours): 33.333332
		Length of trajectory differentiation (hours): Start: 13.333333	End: 40.0
		Training period per ic (days): Start: 194.44444	End: 305.55554
			Traj 1, Loss=0.31826, |ps|=7.172827, |g|=0.32551834
			Traj 2, Loss=0.29366094, |ps|=7.152073, |g|=0.31313485
			Traj 3, Loss=0.2681726, |ps|=7.140805, |g|=0.32008934
			Traj 4, Loss=0.23886345, |ps|=7.1390057, |g|=0.32675347
			Traj 5, Loss=0.20678093, |ps|=7.1476645, |g|=0.3367617
			Traj 6, Loss=0.17035703, |ps|=7.1672053, |g|=0.33946967
			Traj 7, Loss=0.13235761, |ps|=7.1958594, |g|=0.32335758
			Traj 8, Loss=0.09832349, |ps|=7.2297645, |g|=0.28433928
			Traj 9, Loss=0.07091184, |ps|=7.2624536, |g|=0.2184519
			Traj 10, Loss=0.048928685, |ps|=7.287697, |g|=0.1522797
	IC 1, Loss=0.048928685, |ps|=7.287697, |g|=0.1522797
			Traj 1, Loss=0.0413265, |ps|=7.2931128, |g|=0.14844964
			Traj 2, Loss=0.032924064, |ps|=7.291413, |g|=0.11157266
			Traj 3, Loss=0.028342446, |ps|=7.28483, |g|=0.07995906
			Traj 4, Loss=0.026714446, |ps|=7.275839, |g|=0.05510715
			Traj 5, Loss=0.02645446, |ps|=7.2662983, |g|=0.045480285
			Traj 6, Loss=0.026858179, |ps|=7.257276, |g|=0.04367467
			Traj 7, Loss=0.028130213, |ps|=7.248414, |g|=0.032403026
			Traj 8, Loss=0.028536668, |ps|=7.239006, |g|=0.028999327
			Traj 9, Loss=0.025936497, |ps|=7.22918, |g|=0.026202738
			Traj 10, Loss=0.028129471, |ps|=7.2189245, |g|=0.025505733
	IC 2, Loss=0.028129471, |ps|=7.2189245, |g|=0.025505733
			Traj 1, Loss=0.023736952, |ps|=7.2122555, |g|=0.1061441
			Traj 2, Loss=0.023942493, |ps|=7.2047367, |g|=0.0615169
			Traj 3, Loss=0.028946146, |ps|=7.1975, |g|=0.03706662
			Traj 4, Loss=0.034060467, |ps|=7.1906986, |g|=0.037902646
			Traj 5, Loss=0.047418203, |ps|=7.1848855, |g|=0.0482987
			Traj 6, Loss=0.04033317, |ps|=7.180766, |g|=0.05174291
			Traj 7, Loss=0.03457849, |ps|=7.178594, |g|=0.055669248
			Traj 8, Loss=0.030511396, |ps|=7.1780486, |g|=0.049379617
			Traj 9, Loss=0.031445984, |ps|=7.178673, |g|=0.04683738
			Traj 10, Loss=0.025679441, |ps|=7.1798487, |g|=0.045003746
	IC 3, Loss=0.025679441, |ps|=7.1798487, |g|=0.045003746
			Traj 1, Loss=0.032664917, |ps|=7.1786404, |g|=0.12508564
			Traj 2, Loss=0.037567966, |ps|=7.1751733, |g|=0.106539704
			Traj 3, Loss=0.045119554, |ps|=7.1699963, |g|=0.1041979
			Traj 4, Loss=0.058105335, |ps|=7.1641355, |g|=0.07146354
			Traj 5, Loss=0.040346175, |ps|=7.159361, |g|=0.047824442
			Traj 6, Loss=0.04168019, |ps|=7.1572256, |g|=0.104291975
			Traj 7, Loss=0.035264533, |ps|=7.1581597, |g|=0.14948776
			Traj 8, Loss=0.031991523, |ps|=7.161208, |g|=0.13758469
			Traj 9, Loss=0.03265298, |ps|=7.1642995, |g|=0.06343047
			Traj 10, Loss=0.043602906, |ps|=7.1652937, |g|=0.054316193
	IC 4, Loss=0.043602906, |ps|=7.1652937, |g|=0.054316193
			Traj 1, Loss=0.035679106, |ps|=7.1641474, |g|=0.15643722
			Traj 2, Loss=0.0435962, |ps|=7.1612906, |g|=0.1853218
			Traj 3, Loss=0.0750279, |ps|=7.1570854, |g|=0.21316943
			Traj 4, Loss=0.05361808, |ps|=7.1528044, |g|=0.10610026
			Traj 5, Loss=0.042022817, |ps|=7.1500435, |g|=0.08598345
			Traj 6, Loss=0.036162756, |ps|=7.1494145, |g|=0.16531412
			Traj 7, Loss=0.04910912, |ps|=7.149642, |g|=0.07116166
			Traj 8, Loss=0.06257351, |ps|=7.149366, |g|=0.07253053
			Traj 9, Loss=0.055599235, |ps|=7.148853, |g|=0.057782035
			Traj 10, Loss=0.049397107, |ps|=7.1491313, |g|=0.13768715
	IC 5, Loss=0.049397107, |ps|=7.1491313, |g|=0.13768715
			Traj 1, Loss=0.034872234, |ps|=7.149565, |g|=0.09645975
			Traj 2, Loss=0.057093207, |ps|=7.1495667, |g|=0.08219463
			Traj 3, Loss=0.057641286, |ps|=7.148981, |g|=0.1265506
			Traj 4, Loss=0.044411745, |ps|=7.1483626, |g|=0.06674159
			Traj 5, Loss=0.033616398, |ps|=7.148311, |g|=0.15396297
			Traj 6, Loss=0.048246652, |ps|=7.148343, |g|=0.056889374
			Traj 7, Loss=0.068618946, |ps|=7.148173, |g|=0.07534947
			Traj 8, Loss=0.044599347, |ps|=7.148304, |g|=0.12374328
			Traj 9, Loss=0.03546356, |ps|=7.149196, |g|=0.21481524
			Traj 10, Loss=0.042924553, |ps|=7.150171, |g|=0.07265626
	IC 6, Loss=0.042924553, |ps|=7.150171, |g|=0.07265626
			Traj 1, Loss=0.031823702, |ps|=7.150387, |g|=0.06424039
			Traj 2, Loss=0.065502286, |ps|=7.150102, |g|=0.17891428
			Traj 3, Loss=0.042904492, |ps|=7.149497, |g|=0.102639124
			Traj 4, Loss=0.034517176, |ps|=7.1491027, |g|=0.1119799
			Traj 5, Loss=0.04440564, |ps|=7.148755, |g|=0.052380607
			Traj 6, Loss=0.060256038, |ps|=7.14831, |g|=0.07342286
			Traj 7, Loss=0.04017773, |ps|=7.148074, |g|=0.14500678
			Traj 8, Loss=0.041830175, |ps|=7.1481028, |g|=0.1472371
			Traj 9, Loss=0.060460366, |ps|=7.148078, |g|=0.09311626
			Traj 10, Loss=0.042597145, |ps|=7.1481404, |g|=0.15498172
	IC 7, Loss=0.042597145, |ps|=7.1481404, |g|=0.15498172
			Traj 1, Loss=0.047382403, |ps|=7.1481066, |g|=0.17066611
			Traj 2, Loss=0.07301671, |ps|=7.1478887, |g|=0.18227434
			Traj 3, Loss=0.06067412, |ps|=7.147775, |g|=1.0483701
			Traj 4, Loss=0.05430288, |ps|=7.147763, |g|=0.13038965
			Traj 5, Loss=0.08355513, |ps|=7.147735, |g|=0.1625839
			Traj 6, Loss=0.06178802, |ps|=7.1477017, |g|=0.18736206
			Traj 7, Loss=0.066455, |ps|=7.1477222, |g|=0.24200138
			Traj 8, Loss=0.08964225, |ps|=7.1477485, |g|=0.2920937
			Traj 9, Loss=0.06463271, |ps|=7.1479187, |g|=0.2809793
			Traj 10, Loss=0.07425513, |ps|=7.1479387, |g|=0.8991313
	IC 8, Loss=0.07425513, |ps|=7.1479387, |g|=0.8991313
			Traj 1, Loss=0.06332211, |ps|=7.147987, |g|=3.9333048
			Traj 2, Loss=0.082667656, |ps|=7.1479115, |g|=0.47596946
			Traj 3, Loss=0.069388546, |ps|=7.147797, |g|=0.35606244
			Traj 4, Loss=0.07760447, |ps|=7.147681, |g|=0.3895557
			Traj 5, Loss=0.07728575, |ps|=7.1475635, |g|=0.19503729
			Traj 6, Loss=0.07405862, |ps|=7.147506, |g|=1.3889012
			Traj 7, Loss=0.10013273, |ps|=7.147456, |g|=1.1675445
			Traj 8, Loss=0.07879623, |ps|=7.14743, |g|=3.3309226
			Traj 9, Loss=0.105810694, |ps|=7.1474, |g|=3.2015607
			Traj 10, Loss=0.09567083, |ps|=7.1474476, |g|=0.31503204
	IC 9, Loss=0.09567083, |ps|=7.1474476, |g|=0.31503204
			Traj 1, Loss=0.084603645, |ps|=7.1474614, |g|=6.6873274
			Traj 2, Loss=0.11774062, |ps|=7.147432, |g|=0.486802
			Traj 3, Loss=0.0881878, |ps|=7.1474032, |g|=0.1805507
			Traj 4, Loss=0.11281576, |ps|=7.1473923, |g|=2.1365635
			Traj 5, Loss=0.09513045, |ps|=7.147368, |g|=0.28876698
			Traj 6, Loss=0.12710069, |ps|=7.147348, |g|=0.28150573
			Traj 7, Loss=0.09716102, |ps|=7.147345, |g|=1.8085916
			Traj 8, Loss=0.121060364, |ps|=7.1473365, |g|=0.22916514
			Traj 9, Loss=0.122002855, |ps|=7.1473413, |g|=0.30907896
			Traj 10, Loss=0.11893972, |ps|=7.147356, |g|=15.531188
	IC 10, Loss=0.11893972, |ps|=7.147356, |g|=15.531188
