Host cso14c75 | ArrayJob 1242386 | Task 3
		Number of updates per IC: 50
		Number of total updates: 250
		Length of gap timestepping (hours): 33.333332
		Length of trajectory differentiation (hours): Start: 26.666666	End: 60.0
		Training period per ic (days): Start: 125.0	End: 194.44444
			Traj 1, Loss=0.88849247, |ps|=6.88164, |g|=1.191444
			Traj 2, Loss=0.71725726, |ps|=6.8812804, |g|=1.0790497
			Traj 3, Loss=0.61086893, |ps|=6.8940487, |g|=1.0207348
			Traj 4, Loss=0.5410761, |ps|=6.915223, |g|=1.0872277
			Traj 5, Loss=0.45670152, |ps|=6.947427, |g|=1.1147186
			Traj 6, Loss=0.31698915, |ps|=6.9892855, |g|=0.9429218
			Traj 7, Loss=0.21139336, |ps|=7.031424, |g|=0.7160904
			Traj 8, Loss=0.15427208, |ps|=7.070738, |g|=0.51410705
			Traj 9, Loss=0.11911967, |ps|=7.0994244, |g|=0.33449155
			Traj 10, Loss=0.11089529, |ps|=7.1078434, |g|=0.3580639
	IC 1, Loss=0.11089529, |ps|=7.1078434, |g|=0.3580639
			Traj 1, Loss=0.12455292, |ps|=7.097172, |g|=0.75224257
			Traj 2, Loss=0.1537683, |ps|=7.074197, |g|=0.54263544
			Traj 3, Loss=0.11844795, |ps|=7.0479107, |g|=0.43494517
			Traj 4, Loss=0.11237035, |ps|=7.037698, |g|=5.2952113
			Traj 5, Loss=0.12296562, |ps|=7.040089, |g|=0.15192226
			Traj 6, Loss=0.09891884, |ps|=7.040593, |g|=0.97035164
			Traj 7, Loss=0.11834073, |ps|=7.0391674, |g|=0.17820823
			Traj 8, Loss=0.11222958, |ps|=7.0351334, |g|=0.41658267
			Traj 9, Loss=0.09763419, |ps|=7.035746, |g|=0.36159703
			Traj 10, Loss=0.118233815, |ps|=7.0359135, |g|=0.28629792
	IC 2, Loss=0.118233815, |ps|=7.0359135, |g|=0.28629792
			Traj 1, Loss=0.111996695, |ps|=7.0344024, |g|=0.19100465
			Traj 2, Loss=0.16283521, |ps|=7.0303087, |g|=0.8283328
			Traj 3, Loss=0.10334969, |ps|=7.0248127, |g|=0.3266871
			Traj 4, Loss=0.151114, |ps|=7.020116, |g|=0.2079448
			Traj 5, Loss=0.11110369, |ps|=7.0173197, |g|=0.29768303
			Traj 6, Loss=0.12838376, |ps|=7.0137887, |g|=9.56979
			Traj 7, Loss=0.11601062, |ps|=7.012285, |g|=0.36422625
			Traj 8, Loss=0.1346143, |ps|=7.0133834, |g|=0.47087047
			Traj 9, Loss=0.11626907, |ps|=7.0152183, |g|=0.17760582
			Traj 10, Loss=0.13002288, |ps|=7.0160904, |g|=6.563982
	IC 3, Loss=0.13002288, |ps|=7.0160904, |g|=6.563982
			Traj 1, Loss=0.13648538, |ps|=7.0139403, |g|=9.923888
			Traj 2, Loss=0.15101793, |ps|=7.0111337, |g|=191.93471
			Traj 3, Loss=0.17513235, |ps|=7.009603, |g|=560.3244
			Traj 4, Loss=0.14006191, |ps|=7.0093594, |g|=31.30151
			Traj 5, Loss=0.15346102, |ps|=7.0059896, |g|=81.28948
			Traj 6, Loss=0.17404263, |ps|=7.0016456, |g|=3583.7156
			Traj 7, Loss=0.15875305, |ps|=6.997486, |g|=71.39344
			Traj 8, Loss=0.15957515, |ps|=6.995362, |g|=7.9419613
			Traj 9, Loss=0.17791182, |ps|=6.9925637, |g|=96.51102
			Traj 10, Loss=0.17005534, |ps|=6.9905014, |g|=228.07481
	IC 4, Loss=0.17005534, |ps|=6.9905014, |g|=228.07481
			Traj 1, Loss=0.20608178, |ps|=6.989314, |g|=4534.6543
			Traj 2, Loss=0.21216272, |ps|=6.987277, |g|=751.6355
			Traj 3, Loss=0.23025839, |ps|=6.985268, |g|=323.11377
			Traj 4, Loss=0.24554268, |ps|=6.983452, |g|=40981.727
			Traj 5, Loss=0.23388946, |ps|=6.982247, |g|=32982.562
			Traj 6, Loss=0.2503692, |ps|=6.9808836, |g|=316.89066
			Traj 7, Loss=0.2543575, |ps|=6.9793024, |g|=1281.6484
			Traj 8, Loss=0.27004227, |ps|=6.9780936, |g|=7194.142
			Traj 9, Loss=0.27562407, |ps|=6.976981, |g|=1297.7399
			Traj 10, Loss=0.26849103, |ps|=6.9760327, |g|=10159.592
	IC 5, Loss=0.26849103, |ps|=6.9760327, |g|=10159.592
