Host cso14c75 | ArrayJob 1242386 | Task 0
		Number of updates per IC: 50
		Number of total updates: 250
		Length of gap timestepping (hours): 33.333332
		Length of trajectory differentiation (hours): Start: 13.333333	End: 46.666668
		Training period per ic (days): Start: 97.22222	End: 166.66667
			Traj 1, Loss=0.33207685, |ps|=7.0160356, |g|=0.5000241
			Traj 2, Loss=0.28733054, |ps|=6.9948335, |g|=0.398016
			Traj 3, Loss=0.25274056, |ps|=6.982698, |g|=0.38562465
			Traj 4, Loss=0.21803121, |ps|=6.979386, |g|=0.38799566
			Traj 5, Loss=0.18095453, |ps|=6.986203, |g|=0.39975527
			Traj 6, Loss=0.14010829, |ps|=7.0046105, |g|=0.39089772
			Traj 7, Loss=0.10073992, |ps|=7.0340557, |g|=0.35711765
			Traj 8, Loss=0.066695005, |ps|=7.0708027, |g|=0.28539345
			Traj 9, Loss=0.04541729, |ps|=7.1049137, |g|=0.17825109
			Traj 10, Loss=0.039584942, |ps|=7.1202703, |g|=0.12746298
	IC 1, Loss=0.039584942, |ps|=7.1202703, |g|=0.12746298
			Traj 1, Loss=0.0631444, |ps|=7.1075983, |g|=0.36366507
			Traj 2, Loss=0.053664688, |ps|=7.083057, |g|=0.23607917
			Traj 3, Loss=0.055297017, |ps|=7.0581646, |g|=0.14393003
			Traj 4, Loss=0.057289217, |ps|=7.0385413, |g|=0.12292047
			Traj 5, Loss=0.056968074, |ps|=7.0262895, |g|=0.13466373
			Traj 6, Loss=0.04860888, |ps|=7.020802, |g|=0.12985781
			Traj 7, Loss=0.04856503, |ps|=7.0199237, |g|=0.11668103
			Traj 8, Loss=0.041356925, |ps|=7.02092, |g|=0.08661983
			Traj 9, Loss=0.036893923, |ps|=7.021323, |g|=0.063756295
			Traj 10, Loss=0.033171583, |ps|=7.0187197, |g|=0.053635396
	IC 2, Loss=0.033171583, |ps|=7.0187197, |g|=0.053635396
			Traj 1, Loss=0.052567188, |ps|=7.009398, |g|=0.2879235
			Traj 2, Loss=0.05820578, |ps|=6.993353, |g|=0.20254041
			Traj 3, Loss=0.07184428, |ps|=6.976853, |g|=0.079379395
			Traj 4, Loss=0.061480556, |ps|=6.9666753, |g|=0.18658702
			Traj 5, Loss=0.051441133, |ps|=6.9658127, |g|=0.29932755
			Traj 6, Loss=0.06293192, |ps|=6.9682627, |g|=0.100328244
			Traj 7, Loss=0.06971079, |ps|=6.969111, |g|=0.077458255
			Traj 8, Loss=0.057992194, |ps|=6.9694204, |g|=0.08353476
			Traj 9, Loss=0.04698093, |ps|=6.9715724, |g|=0.10276201
			Traj 10, Loss=0.059184995, |ps|=6.971013, |g|=0.1028169
	IC 3, Loss=0.059184995, |ps|=6.971013, |g|=0.1028169
			Traj 1, Loss=0.06719254, |ps|=6.9641724, |g|=0.34647623
			Traj 2, Loss=0.09439327, |ps|=6.9546323, |g|=0.2988877
			Traj 3, Loss=0.068703294, |ps|=6.947502, |g|=1.0102422
			Traj 4, Loss=0.063666694, |ps|=6.9441915, |g|=0.41932136
			Traj 5, Loss=0.07698339, |ps|=6.9417152, |g|=0.26867387
			Traj 6, Loss=0.06296299, |ps|=6.9421077, |g|=0.3278774
			Traj 7, Loss=0.08337538, |ps|=6.9416294, |g|=0.17536055
			Traj 8, Loss=0.07198198, |ps|=6.94062, |g|=0.19022684
			Traj 9, Loss=0.0717048, |ps|=6.941472, |g|=0.3149797
			Traj 10, Loss=0.1006256, |ps|=6.942441, |g|=2.4264817
	IC 4, Loss=0.1006256, |ps|=6.942441, |g|=2.4264817
			Traj 1, Loss=0.10187012, |ps|=6.942182, |g|=0.5397163
			Traj 2, Loss=0.12804954, |ps|=6.9398594, |g|=21.652264
			Traj 3, Loss=0.1030505, |ps|=6.938869, |g|=4.126954
			Traj 4, Loss=0.13370761, |ps|=6.9368277, |g|=9.031128
			Traj 5, Loss=0.1238372, |ps|=6.934153, |g|=4.5739546
			Traj 6, Loss=0.123127274, |ps|=6.9318624, |g|=434.86642
			Traj 7, Loss=0.11269049, |ps|=6.929908, |g|=8.622145
			Traj 8, Loss=0.13439295, |ps|=6.928816, |g|=1.2428187
			Traj 9, Loss=0.122672305, |ps|=6.928112, |g|=29.824543
			Traj 10, Loss=0.1418763, |ps|=6.9275184, |g|=5.431255
	IC 5, Loss=0.1418763, |ps|=6.9275184, |g|=5.431255
