Host csl14c177 | Job 1120368 | CPUs 4
		Number of updates per IC: 100
		Number of total updates: 500
		Length of gap timestepping (hours): 33.333332
		Length of trajectory differentiation (hours): Start: 26.666666	End: 93.333336
		Training period per ic (days): Start: 250.0	End: 527.7778
			Traj 1, Loss=1.235872, |ps|=6.948769, |g|=1.2010335
			Traj 2, Loss=1.0778368, |ps|=6.9384775, |g|=1.1017681
			Traj 3, Loss=0.95252943, |ps|=6.9404073, |g|=1.0975164
			Traj 4, Loss=0.92798334, |ps|=6.9550886, |g|=1.1940002
			Traj 5, Loss=0.8527716, |ps|=6.9828095, |g|=1.3530722
			Traj 6, Loss=0.65136266, |ps|=7.023116, |g|=1.3040808
			Traj 7, Loss=0.47331208, |ps|=7.075014, |g|=1.2255132
			Traj 8, Loss=0.34649542, |ps|=7.136019, |g|=1.1409674
			Traj 9, Loss=0.23168086, |ps|=7.197543, |g|=0.842707
			Traj 10, Loss=0.15836938, |ps|=7.242823, |g|=0.5378214
			Traj 11, Loss=0.14775798, |ps|=7.25932, |g|=0.5500262
			Traj 12, Loss=0.09268383, |ps|=7.253184, |g|=0.35098544
			Traj 13, Loss=0.07601273, |ps|=7.239408, |g|=0.16092086
			Traj 14, Loss=0.08718171, |ps|=7.2219467, |g|=0.17090197
			Traj 15, Loss=0.09391752, |ps|=7.2005153, |g|=0.17556794
			Traj 16, Loss=0.06779335, |ps|=7.1849365, |g|=0.19596179
			Traj 17, Loss=0.059856582, |ps|=7.1816096, |g|=0.20687905
			Traj 18, Loss=0.06271079, |ps|=7.1814165, |g|=0.09911789
			Traj 19, Loss=0.076812245, |ps|=7.1728787, |g|=0.18594031
			Traj 20, Loss=0.057950426, |ps|=7.160166, |g|=0.0757191
	IC 1, Loss=0.057950426, |ps|=7.160166, |g|=0.0757191
			Traj 1, Loss=0.09216429, |ps|=7.142827, |g|=0.20718141
			Traj 2, Loss=0.15030596, |ps|=7.1131496, |g|=17.738617
			Traj 3, Loss=0.1303865, |ps|=7.1025043, |g|=1.0956427
			Traj 4, Loss=0.16279694, |ps|=7.1074104, |g|=3.6862097
			Traj 5, Loss=0.11214931, |ps|=7.114923, |g|=16.509129
			Traj 6, Loss=0.1371728, |ps|=7.1095195, |g|=3.066568
			Traj 7, Loss=0.106149614, |ps|=7.103373, |g|=0.54161
			Traj 8, Loss=0.13237272, |ps|=7.1039085, |g|=0.28972933
			Traj 9, Loss=0.13131611, |ps|=7.1034493, |g|=10.57335
			Traj 10, Loss=0.11068135, |ps|=7.097139, |g|=0.22280253
			Traj 11, Loss=0.14559326, |ps|=7.092602, |g|=0.23210247
			Traj 12, Loss=0.111477755, |ps|=7.0964394, |g|=0.27149606
			Traj 13, Loss=0.18022466, |ps|=7.0995045, |g|=0.22792137
			Traj 14, Loss=0.09439798, |ps|=7.1053195, |g|=0.24114017
			Traj 15, Loss=0.14718704, |ps|=7.10228, |g|=1.1726441
			Traj 16, Loss=0.085330345, |ps|=7.1027136, |g|=0.36907616
			Traj 17, Loss=0.14049028, |ps|=7.11193, |g|=0.40810388
			Traj 18, Loss=0.074804395, |ps|=7.118091, |g|=0.14370142
			Traj 19, Loss=0.15209422, |ps|=7.1139545, |g|=0.5026042
			Traj 20, Loss=0.076561354, |ps|=7.1100554, |g|=0.27980605
	IC 2, Loss=0.076561354, |ps|=7.1100554, |g|=0.27980605
			Traj 1, Loss=0.113700636, |ps|=7.101152, |g|=1.4118214
			Traj 2, Loss=0.123789944, |ps|=7.091938, |g|=72.89721
			Traj 3, Loss=0.14736208, |ps|=7.0841427, |g|=104.050804
			Traj 4, Loss=0.13752156, |ps|=7.07853, |g|=864.2127
			Traj 5, Loss=0.11475014, |ps|=7.074581, |g|=13.2412615
			Traj 6, Loss=0.11875459, |ps|=7.071808, |g|=165.21716
			Traj 7, Loss=0.12624334, |ps|=7.064526, |g|=251.43866
			Traj 8, Loss=0.15535918, |ps|=7.0535383, |g|=7.9181533
			Traj 9, Loss=0.18857431, |ps|=7.0526924, |g|=8.68341
			Traj 10, Loss=0.13561994, |ps|=7.059674, |g|=12947.955
			Traj 11, Loss=0.10654488, |ps|=7.067708, |g|=1252.4116
			Traj 12, Loss=0.09330686, |ps|=7.0733957, |g|=3422.3757
			Traj 13, Loss=0.12290306, |ps|=7.082809, |g|=60.75179
			Traj 14, Loss=0.18392363, |ps|=7.0837154, |g|=4.9138336
			Traj 15, Loss=0.12796727, |ps|=7.07602, |g|=7.1962795
			Traj 16, Loss=0.10691923, |ps|=7.071246, |g|=85.99979
			Traj 17, Loss=0.107061625, |ps|=7.067351, |g|=26.348299
			Traj 18, Loss=0.12281182, |ps|=7.0616436, |g|=10.868045
			Traj 19, Loss=0.15211004, |ps|=7.0579953, |g|=16.786926
			Traj 20, Loss=0.13262455, |ps|=7.053119, |g|=179.1909
	IC 3, Loss=0.13262455, |ps|=7.053119, |g|=179.1909
			Traj 1, Loss=0.15574948, |ps|=7.052535, |g|=41168.89
			Traj 2, Loss=0.152553, |ps|=7.0514274, |g|=851.96045
			Traj 3, Loss=0.15362653, |ps|=7.0494056, |g|=6.051037e8
			Traj 4, Loss=0.18206373, |ps|=7.048027, |g|=5589.419
			Traj 5, Loss=0.18568236, |ps|=7.044665, |g|=1.5677276e6
			Traj 6, Loss=0.19207436, |ps|=7.038602, |g|=820.3566
			Traj 7, Loss=0.18833601, |ps|=7.02995, |g|=24300.188
			Traj 8, Loss=0.17465948, |ps|=7.0267873, |g|=33571.688
			Traj 9, Loss=0.1798291, |ps|=7.0294733, |g|=1585.7627
			Traj 10, Loss=0.17986877, |ps|=7.033009, |g|=607.7999
			Traj 11, Loss=0.16563796, |ps|=7.0315614, |g|=213066.61
			Traj 12, Loss=0.1853737, |ps|=7.029197, |g|=4282.694
			Traj 13, Loss=0.18603005, |ps|=7.027539, |g|=329.5533
			Traj 14, Loss=0.18711103, |ps|=7.0229115, |g|=93846.375
			Traj 15, Loss=0.19193713, |ps|=7.0142455, |g|=1.7420535e6
			Traj 16, Loss=0.19212885, |ps|=7.0063205, |g|=358094.94
			Traj 17, Loss=0.22508337, |ps|=7.0028453, |g|=717807.94
			Traj 18, Loss=0.22381249, |ps|=6.998867, |g|=750134.44
			Traj 19, Loss=0.24206775, |ps|=6.9930825, |g|=1.1634506e7
			Traj 20, Loss=0.25868773, |ps|=6.987136, |g|=901467.06
	IC 4, Loss=0.25868773, |ps|=6.987136, |g|=901467.06
			Traj 1, Loss=0.28805307, |ps|=6.9834743, |g|=4.301148e7
			Traj 2, Loss=0.27153137, |ps|=6.98219, |g|=1.0946769e9
			Traj 3, Loss=0.29104382, |ps|=6.979865, |g|=5.3040395e6
			Traj 4, Loss=0.32074058, |ps|=6.9750443, |g|=4.403433e6
			Traj 5, Loss=0.3485651, |ps|=6.9708595, |g|=1.7693666e7
			Traj 6, Loss=0.37853488, |ps|=6.9668636, |g|=7.0207455e6
			Traj 7, Loss=0.38176703, |ps|=6.964543, |g|=7.610565e7
			Traj 8, Loss=0.3822586, |ps|=6.960019, |g|=1.06705184e9
			Traj 9, Loss=0.43860516, |ps|=6.9578695, |g|=1.4439176e9
			Traj 10, Loss=0.4305866, |ps|=6.955486, |g|=1.1556624e6
			Traj 11, Loss=0.4904283, |ps|=6.95427, |g|=4.4969754e9
			Traj 12, Loss=0.5144574, |ps|=6.953701, |g|=6.958157e7
			Traj 13, Loss=0.41065675, |ps|=6.953955, |g|=1.8921256e8
			Traj 14, Loss=0.46169487, |ps|=6.9535117, |g|=2.8133454e7
			Traj 15, Loss=0.4896382, |ps|=6.9516573, |g|=6.510832e8
			Traj 16, Loss=0.40461904, |ps|=6.9505205, |g|=7.169023e7
			Traj 17, Loss=0.44787094, |ps|=6.949227, |g|=1.0034638e6
			Traj 18, Loss=0.5148213, |ps|=6.948265, |g|=1.7686575e6
			Traj 19, Loss=0.42089066, |ps|=6.9472756, |g|=2.6329644e9
			Traj 20, Loss=0.44763622, |ps|=6.946893, |g|=6.799405e7
	IC 5, Loss=0.44763622, |ps|=6.946893, |g|=6.799405e7
