Host cso14c94 | ArrayJob 1277866 | Task 0
		Number of updates per IC: 50
		Number of total updates: 250
		Length of gap timestepping (hours): 33.333332
		Length of trajectory differentiation (hours): Start: 13.333333	End: 46.666668
		Training period per ic (days): Start: 97.22222	End: 166.66667
			Traj 1, Loss=0.3156749, |ps|=7.073664, |g|=0.3941139
			Traj 2, Loss=0.27611196, |ps|=7.0547576, |g|=0.37751064
			Traj 3, Loss=0.23759283, |ps|=7.0492396, |g|=0.38509384
			Traj 4, Loss=0.1952276, |ps|=7.0560102, |g|=0.38697836
			Traj 5, Loss=0.15218183, |ps|=7.0745134, |g|=0.3811507
			Traj 6, Loss=0.10974242, |ps|=7.1024594, |g|=0.35468957
			Traj 7, Loss=0.07375918, |ps|=7.1335974, |g|=0.2794752
			Traj 8, Loss=0.049751215, |ps|=7.158785, |g|=0.19012876
			Traj 9, Loss=0.0383764, |ps|=7.168253, |g|=0.14209144
			Traj 10, Loss=0.031325243, |ps|=7.1594834, |g|=0.10674959
	IC 1, Loss=0.031325243, |ps|=7.1594834, |g|=0.10674959
			Traj 1, Loss=0.043864068, |ps|=7.1400404, |g|=0.31671545
			Traj 2, Loss=0.03718773, |ps|=7.116908, |g|=0.09769136
			Traj 3, Loss=0.045035332, |ps|=7.101116, |g|=0.12442647
			Traj 4, Loss=0.049712017, |ps|=7.094658, |g|=0.13841279
			Traj 5, Loss=0.047774583, |ps|=7.094599, |g|=0.11237814
			Traj 6, Loss=0.03890495, |ps|=7.097256, |g|=0.06877838
			Traj 7, Loss=0.037927803, |ps|=7.0992064, |g|=0.057748728
			Traj 8, Loss=0.03207798, |ps|=7.0998735, |g|=0.040763143
			Traj 9, Loss=0.029186578, |ps|=7.0985284, |g|=0.04276078
			Traj 10, Loss=0.02681753, |ps|=7.095244, |g|=0.03932666
	IC 2, Loss=0.02681753, |ps|=7.095244, |g|=0.03932666
			Traj 1, Loss=0.049224578, |ps|=7.0836754, |g|=0.4123401
			Traj 2, Loss=0.056123894, |ps|=7.0658703, |g|=0.18719976
			Traj 3, Loss=0.06705804, |ps|=7.05129, |g|=0.088287
			Traj 4, Loss=0.059042007, |ps|=7.045238, |g|=0.28996143
			Traj 5, Loss=0.04920562, |ps|=7.0477514, |g|=0.35315242
			Traj 6, Loss=0.061253823, |ps|=7.0521717, |g|=0.08679323
			Traj 7, Loss=0.067655645, |ps|=7.0536866, |g|=0.101726785
			Traj 8, Loss=0.053189684, |ps|=7.053756, |g|=0.06537664
			Traj 9, Loss=0.042678088, |ps|=7.054604, |g|=0.111342914
			Traj 10, Loss=0.058701478, |ps|=7.0534506, |g|=0.10212363
	IC 3, Loss=0.058701478, |ps|=7.0534506, |g|=0.10212363
			Traj 1, Loss=0.06458158, |ps|=7.0483193, |g|=0.39424962
			Traj 2, Loss=0.08917665, |ps|=7.0428524, |g|=0.38798645
			Traj 3, Loss=0.06593731, |ps|=7.0385313, |g|=0.5806066
			Traj 4, Loss=0.06392973, |ps|=7.036301, |g|=0.2512194
			Traj 5, Loss=0.07105156, |ps|=7.034749, |g|=0.16427504
			Traj 6, Loss=0.06421701, |ps|=7.0356183, |g|=0.33331358
			Traj 7, Loss=0.08233778, |ps|=7.0367703, |g|=0.20027798
			Traj 8, Loss=0.06954423, |ps|=7.0380516, |g|=0.24172387
			Traj 9, Loss=0.07083801, |ps|=7.0397987, |g|=0.90747476
			Traj 10, Loss=0.09307468, |ps|=7.0408273, |g|=1.2453073
	IC 4, Loss=0.09307468, |ps|=7.0408273, |g|=1.2453073
			Traj 1, Loss=0.10589794, |ps|=7.0395684, |g|=0.62744415
			Traj 2, Loss=0.13055539, |ps|=7.037701, |g|=7.1507516
			Traj 3, Loss=0.10123597, |ps|=7.03529, |g|=6.8863473
			Traj 4, Loss=0.12620096, |ps|=7.032746, |g|=26.711039
			Traj 5, Loss=0.115592994, |ps|=7.0312023, |g|=55.72646
			Traj 6, Loss=0.11492759, |ps|=7.0291176, |g|=4.50436
			Traj 7, Loss=0.108585194, |ps|=7.028114, |g|=1.8912325
			Traj 8, Loss=0.12884375, |ps|=7.027972, |g|=1.6033114
			Traj 9, Loss=0.11933859, |ps|=7.0279994, |g|=16.161072
			Traj 10, Loss=0.13763908, |ps|=7.028116, |g|=4.6422243
	IC 5, Loss=0.13763908, |ps|=7.028116, |g|=4.6422243
