Host cso14c94 | ArrayJob 1277826 | Task 0
		Number of updates per IC: 50
		Number of total updates: 250
		Length of gap timestepping (hours): 13.333333
		Length of trajectory differentiation (hours): Start: 13.333333	End: 26.666666
		Training period per ic (days): Start: 55.555557	End: 83.333336
			Traj 1, Loss=0.17245169, |ps|=4.0049653, |g|=0.08448584
			Traj 2, Loss=0.15107827, |ps|=4.0189495, |g|=0.074964255
			Traj 3, Loss=0.14699769, |ps|=4.041151, |g|=0.07474088
			Traj 4, Loss=0.13449222, |ps|=4.069588, |g|=0.06841131
			Traj 5, Loss=0.12009423, |ps|=4.1020412, |g|=0.065558165
			Traj 6, Loss=0.11430113, |ps|=4.1365924, |g|=0.06310014
			Traj 7, Loss=0.103720546, |ps|=4.17157, |g|=0.05785919
			Traj 8, Loss=0.099138856, |ps|=4.2080665, |g|=0.05881833
			Traj 9, Loss=0.09278757, |ps|=4.24424, |g|=0.052292638
			Traj 10, Loss=0.0880835, |ps|=4.281372, |g|=0.05392636
	IC 1, Loss=0.0880835, |ps|=4.281372, |g|=0.05392636
			Traj 1, Loss=0.11702008, |ps|=4.3041945, |g|=0.07461857
			Traj 2, Loss=0.11074904, |ps|=4.329416, |g|=0.06636049
			Traj 3, Loss=0.10377611, |ps|=4.3553076, |g|=0.06541242
			Traj 4, Loss=0.104865775, |ps|=4.382364, |g|=0.066668734
			Traj 5, Loss=0.09892103, |ps|=4.4083877, |g|=0.05834455
			Traj 6, Loss=0.09611265, |ps|=4.4345837, |g|=0.063329674
			Traj 7, Loss=0.0910675, |ps|=4.4607244, |g|=0.057448123
			Traj 8, Loss=0.086292, |ps|=4.4855814, |g|=0.05353774
			Traj 9, Loss=0.08679242, |ps|=4.511062, |g|=0.057256956
			Traj 10, Loss=0.07894825, |ps|=4.5351453, |g|=0.04952672
	IC 2, Loss=0.07894825, |ps|=4.5351453, |g|=0.04952672
			Traj 1, Loss=0.10449468, |ps|=4.549024, |g|=0.07222448
			Traj 2, Loss=0.10342397, |ps|=4.564304, |g|=0.0645155
			Traj 3, Loss=0.09323064, |ps|=4.579013, |g|=0.05894544
			Traj 4, Loss=0.09501826, |ps|=4.5947385, |g|=0.06729515
			Traj 5, Loss=0.095542975, |ps|=4.610474, |g|=0.059941072
			Traj 6, Loss=0.0867693, |ps|=4.6246176, |g|=0.05429036
			Traj 7, Loss=0.09015874, |ps|=4.6392016, |g|=0.063645005
			Traj 8, Loss=0.090720244, |ps|=4.653591, |g|=0.056522515
			Traj 9, Loss=0.09133727, |ps|=4.666115, |g|=0.050770402
			Traj 10, Loss=0.08423154, |ps|=4.6790495, |g|=0.059668034
	IC 3, Loss=0.08423154, |ps|=4.6790495, |g|=0.059668034
			Traj 1, Loss=0.10476921, |ps|=4.686813, |g|=0.07052571
			Traj 2, Loss=0.10472126, |ps|=4.695064, |g|=0.06563635
			Traj 3, Loss=0.110834815, |ps|=4.702428, |g|=0.058858495
			Traj 4, Loss=0.09810078, |ps|=4.7094994, |g|=0.06400377
			Traj 5, Loss=0.10119725, |ps|=4.7172055, |g|=0.06774453
			Traj 6, Loss=0.10013998, |ps|=4.724414, |g|=0.060122
			Traj 7, Loss=0.107703574, |ps|=4.73063, |g|=0.058128
			Traj 8, Loss=0.09821931, |ps|=4.736858, |g|=0.06405614
			Traj 9, Loss=0.09359627, |ps|=4.743307, |g|=0.06098705
			Traj 10, Loss=0.098733805, |ps|=4.748886, |g|=0.05404426
	IC 4, Loss=0.098733805, |ps|=4.748886, |g|=0.05404426
			Traj 1, Loss=0.11668683, |ps|=4.752134, |g|=0.07451457
			Traj 2, Loss=0.11740162, |ps|=4.755957, |g|=0.07162386
			Traj 3, Loss=0.11826759, |ps|=4.759383, |g|=0.06364716
			Traj 4, Loss=0.112326, |ps|=4.7623205, |g|=0.06388854
			Traj 5, Loss=0.11396789, |ps|=4.765402, |g|=0.068785705
			Traj 6, Loss=0.111442804, |ps|=4.7688737, |g|=0.07076278
			Traj 7, Loss=0.11477343, |ps|=4.7721415, |g|=0.06436219
			Traj 8, Loss=0.11111749, |ps|=4.774225, |g|=0.05977122
			Traj 9, Loss=0.113760196, |ps|=4.77637, |g|=0.06370813
			Traj 10, Loss=0.11355972, |ps|=4.778943, |g|=0.066656314
	IC 5, Loss=0.11355972, |ps|=4.778943, |g|=0.066656314
