ERROR: LoadError: UndefVarError: `RNG` not defined
Stacktrace:
 [1] getproperty(x::Module, f::Symbol)
   @ Base ./Base.jl:31
 [2] top-level scope
   @ ~/.julia/packages/WeightInitializers/dRa8u/ext/CUDAExt.jl:6
 [3] include
   @ ./Base.jl:495 [inlined]
 [4] include_package_for_output(pkg::Base.PkgId, input::String, depot_path::Vector{String}, dl_load_path::Vector{String}, load_path::Vector{String}, concrete_deps::Vector{Pair{Base.PkgId, UInt128}}, source::String)
   @ Base ./loading.jl:2292
 [5] top-level scope
   @ stdin:4
in expression starting at /home/stefansi/.julia/packages/WeightInitializers/dRa8u/ext/CUDAExt.jl:1
in expression starting at stdin:4
GKS: cannot open display - headless operation mode active
┌ Error: Error during loading of extension CUDAExt of WeightInitializers, use `Base.retry_load_extensions()` to retry.
│   exception =
│    1-element ExceptionStack:
│    Failed to precompile CUDAExt [0d0e9cde-cfc5-56bb-a277-295c1cc0b950] to "/home/stefansi/.julia/compiled/v1.10/CUDAExt/jl_YwEr3m".
│    Stacktrace:
│      [1] error(s::String)
│        @ Base ./error.jl:35
│      [2] compilecache(pkg::Base.PkgId, path::String, internal_stderr::IO, internal_stdout::IO, keep_loaded_modules::Bool)
│        @ Base ./loading.jl:2539
│      [3] compilecache
│        @ ./loading.jl:2411 [inlined]
│      [4] (::Base.var"#971#972"{Base.PkgId})()
│        @ Base ./loading.jl:2044
│      [5] mkpidlock(f::Base.var"#971#972"{Base.PkgId}, at::String, pid::Int32; kwopts::@Kwargs{stale_age::Int64, wait::Bool})
│        @ FileWatching.Pidfile /p/system/packages_rhel9/tools/julia/1.10.10/share/julia/stdlib/v1.10/FileWatching/src/pidfile.jl:93
│      [6] #mkpidlock#6
│        @ /p/system/packages_rhel9/tools/julia/1.10.10/share/julia/stdlib/v1.10/FileWatching/src/pidfile.jl:88 [inlined]
│      [7] trymkpidlock(::Function, ::Vararg{Any}; kwargs::@Kwargs{stale_age::Int64})
│        @ FileWatching.Pidfile /p/system/packages_rhel9/tools/julia/1.10.10/share/julia/stdlib/v1.10/FileWatching/src/pidfile.jl:111
│      [8] #invokelatest#2
│        @ ./essentials.jl:894 [inlined]
│      [9] invokelatest
│        @ ./essentials.jl:889 [inlined]
│     [10] maybe_cachefile_lock(f::Base.var"#971#972"{Base.PkgId}, pkg::Base.PkgId, srcpath::String; stale_age::Int64)
│        @ Base ./loading.jl:3054
│     [11] maybe_cachefile_lock
│        @ ./loading.jl:3051 [inlined]
│     [12] _require(pkg::Base.PkgId, env::Nothing)
│        @ Base ./loading.jl:2040
│     [13] __require_prelocked(uuidkey::Base.PkgId, env::Nothing)
│        @ Base ./loading.jl:1882
│     [14] #invoke_in_world#3
│        @ ./essentials.jl:926 [inlined]
│     [15] invoke_in_world
│        @ ./essentials.jl:923 [inlined]
│     [16] _require_prelocked
│        @ ./loading.jl:1873 [inlined]
│     [17] _require_prelocked
│        @ ./loading.jl:1872 [inlined]
│     [18] run_extension_callbacks(extid::Base.ExtensionId)
│        @ Base ./loading.jl:1365
│     [19] run_extension_callbacks(pkgid::Base.PkgId)
│        @ Base ./loading.jl:1400
│     [20] run_package_callbacks(modkey::Base.PkgId)
│        @ Base ./loading.jl:1224
│     [21] _tryrequire_from_serialized(modkey::Base.PkgId, path::String, ocachepath::String, sourcepath::String, depmods::Vector{Any})
│        @ Base ./loading.jl:1557
│     [22] _require_search_from_serialized(pkg::Base.PkgId, sourcepath::String, build_id::UInt128)
│        @ Base ./loading.jl:1644
│     [23] _require(pkg::Base.PkgId, env::String)
│        @ Base ./loading.jl:2008
│     [24] __require_prelocked(uuidkey::Base.PkgId, env::String)
│        @ Base ./loading.jl:1882
│     [25] #invoke_in_world#3
│        @ ./essentials.jl:926 [inlined]
│     [26] invoke_in_world
│        @ ./essentials.jl:923 [inlined]
│     [27] _require_prelocked(uuidkey::Base.PkgId, env::String)
│        @ Base ./loading.jl:1873
│     [28] macro expansion
│        @ ./loading.jl:1860 [inlined]
│     [29] macro expansion
│        @ ./lock.jl:267 [inlined]
│     [30] __require(into::Module, mod::Symbol)
│        @ Base ./loading.jl:1823
│     [31] #invoke_in_world#3
│        @ ./essentials.jl:926 [inlined]
│     [32] invoke_in_world
│        @ ./essentials.jl:923 [inlined]
│     [33] require(into::Module, mod::Symbol)
│        @ Base ./loading.jl:1816
│     [34] include(mod::Module, _path::String)
│        @ Base ./Base.jl:495
│     [35] exec_options(opts::Base.JLOptions)
│        @ Base ./client.jl:323
│     [36] _start()
│        @ Base ./client.jl:557
└ @ Base loading.jl:1371
[ Info: .csv file created and initialized at /p/tmp/stefansi/NeuralParam.jl/results/1_ConstLinearLW/calibration/run_initialValue_2026-07-11_19-31-45/task_6/training.csv!
[ Info: Online training started!
[ Info: Start 1st training step!
[ Info: Training finished!
[ Info: Scheme stored at /p/tmp/stefansi/NeuralParam.jl/results/1_ConstLinearLW/calibration/run_initialValue_2026-07-11_19-31-45/task_6/scheme.jld2!
