Host cso14c112 | ArrayJob 1292136 | Task 6
		Number of updates per IC: 50
		Number of total updates: 250
		Length of gap timestepping (hours): 13.333333
		Length of trajectory differentiation (hours): Start: 13.333333	End: 26.666666
		Training period per ic (days): Start: 55.555557	End: 83.333336
			Traj 1, Loss=0.12901774, |ps|=2.8706007, |g|=0.06910584
			Traj 2, Loss=0.11492351, |ps|=2.9210808, |g|=0.06093737
			Traj 3, Loss=0.10930841, |ps|=2.9840837, |g|=0.05986474
			Traj 4, Loss=0.10101145, |ps|=3.0569906, |g|=0.05403012
			Traj 5, Loss=0.087441474, |ps|=3.1367114, |g|=0.05100925
			Traj 6, Loss=0.08229784, |ps|=3.2218268, |g|=0.04810346
			Traj 7, Loss=0.075436056, |ps|=3.3053992, |g|=0.043484252
			Traj 8, Loss=0.06894696, |ps|=3.3920276, |g|=0.043629326
			Traj 9, Loss=0.068290494, |ps|=3.4726067, |g|=0.037983503
			Traj 10, Loss=0.06107117, |ps|=3.5520706, |g|=0.038889155
	IC 1, Loss=0.06107117, |ps|=3.5520706, |g|=0.038889155
			Traj 1, Loss=0.07822247, |ps|=3.6410096, |g|=0.05229353
			Traj 2, Loss=0.076480314, |ps|=3.7316418, |g|=0.043610174
			Traj 3, Loss=0.06814019, |ps|=3.8139126, |g|=0.041248243
			Traj 4, Loss=0.066249646, |ps|=3.8958914, |g|=0.040805403
			Traj 5, Loss=0.066033415, |ps|=3.9655356, |g|=0.03311739
			Traj 6, Loss=0.057152096, |ps|=4.034051, |g|=0.03612094
			Traj 7, Loss=0.058177225, |ps|=4.1004725, |g|=0.030429993
			Traj 8, Loss=0.054982584, |ps|=4.1560388, |g|=0.026610091
			Traj 9, Loss=0.05141911, |ps|=4.2136064, |g|=0.028852468
			Traj 10, Loss=0.049905494, |ps|=4.2627535, |g|=0.022228714
	IC 2, Loss=0.049905494, |ps|=4.2627535, |g|=0.022228714
			Traj 1, Loss=0.058901343, |ps|=4.3148713, |g|=0.03274795
			Traj 2, Loss=0.0641609, |ps|=4.3686852, |g|=0.025149968
			Traj 3, Loss=0.059426848, |ps|=4.4084888, |g|=0.020004814
			Traj 4, Loss=0.052202813, |ps|=4.4526525, |g|=0.02551617
			Traj 5, Loss=0.05833157, |ps|=4.4947534, |g|=0.018663837
			Traj 6, Loss=0.0556968, |ps|=4.5207386, |g|=0.014721064
			Traj 7, Loss=0.049524423, |ps|=4.5518494, |g|=0.020483062
			Traj 8, Loss=0.056050647, |ps|=4.5832243, |g|=0.0143251745
			Traj 9, Loss=0.062350553, |ps|=4.5991344, |g|=0.011445375
			Traj 10, Loss=0.046586968, |ps|=4.620706, |g|=0.016690698
	IC 3, Loss=0.046586968, |ps|=4.620706, |g|=0.016690698
			Traj 1, Loss=0.062698685, |ps|=4.6542883, |g|=0.016580218
			Traj 2, Loss=0.068061836, |ps|=4.6849446, |g|=0.011705611
			Traj 3, Loss=0.080318876, |ps|=4.693869, |g|=0.010394471
			Traj 4, Loss=0.062052697, |ps|=4.6979146, |g|=0.010046647
			Traj 5, Loss=0.06142098, |ps|=4.7121263, |g|=0.012619535
			Traj 6, Loss=0.06720023, |ps|=4.721045, |g|=0.008443924
			Traj 7, Loss=0.076832324, |ps|=4.716224, |g|=0.0076390207
			Traj 8, Loss=0.0630449, |ps|=4.7186675, |g|=0.010586063
			Traj 9, Loss=0.058871035, |ps|=4.7291255, |g|=0.007954307
			Traj 10, Loss=0.070434496, |ps|=4.7318845, |g|=0.0060197106
	IC 4, Loss=0.070434496, |ps|=4.7318845, |g|=0.0060197106
			Traj 1, Loss=0.07713776, |ps|=4.741883, |g|=0.011556222
			Traj 2, Loss=0.08042935, |ps|=4.7563753, |g|=0.008998695
			Traj 3, Loss=0.088075444, |ps|=4.7534013, |g|=0.008890277
			Traj 4, Loss=0.08191542, |ps|=4.7396307, |g|=0.0075853146
			Traj 5, Loss=0.07948085, |ps|=4.734607, |g|=0.00797258
			Traj 6, Loss=0.075280815, |ps|=4.744748, |g|=0.010232316
			Traj 7, Loss=0.08339605, |ps|=4.752568, |g|=0.006345834
			Traj 8, Loss=0.08432362, |ps|=4.743214, |g|=0.008054107
			Traj 9, Loss=0.08147653, |ps|=4.731855, |g|=0.0039656567
			Traj 10, Loss=0.080499165, |ps|=4.7334323, |g|=0.008972763
	IC 5, Loss=0.080499165, |ps|=4.7334323, |g|=0.008972763
