Host cso14c74 | ArrayJob 1292136 | Task 0
		Number of updates per IC: 50
		Number of total updates: 250
		Length of gap timestepping (hours): 13.333333
		Length of trajectory differentiation (hours): Start: 13.333333	End: 26.666666
		Training period per ic (days): Start: 55.555557	End: 83.333336
			Traj 1, Loss=0.17245169, |ps|=4.0049653, |g|=0.08448584
			Traj 2, Loss=0.15107827, |ps|=4.0189495, |g|=0.074964255
			Traj 3, Loss=0.14699769, |ps|=4.041151, |g|=0.07474088
			Traj 4, Loss=0.13449222, |ps|=4.069588, |g|=0.06841131
			Traj 5, Loss=0.12009423, |ps|=4.1020412, |g|=0.065558165
			Traj 6, Loss=0.11430113, |ps|=4.1365924, |g|=0.06310014
			Traj 7, Loss=0.103720546, |ps|=4.17157, |g|=0.05785919
			Traj 8, Loss=0.099138856, |ps|=4.2080665, |g|=0.05881833
			Traj 9, Loss=0.09278757, |ps|=4.24424, |g|=0.052292638
			Traj 10, Loss=0.0880835, |ps|=4.281372, |g|=0.05392636
	IC 1, Loss=0.0880835, |ps|=4.281372, |g|=0.05392636
			Traj 1, Loss=0.114258625, |ps|=4.32304, |g|=0.07323992
			Traj 2, Loss=0.10591333, |ps|=4.3697567, |g|=0.06341897
			Traj 3, Loss=0.095716834, |ps|=4.417575, |g|=0.0608701
			Traj 4, Loss=0.09395734, |ps|=4.466834, |g|=0.0604912
			Traj 5, Loss=0.087818265, |ps|=4.513119, |g|=0.051208586
			Traj 6, Loss=0.081309214, |ps|=4.559227, |g|=0.054649856
			Traj 7, Loss=0.076772414, |ps|=4.604688, |g|=0.0478166
			Traj 8, Loss=0.07146385, |ps|=4.6466894, |g|=0.04314596
			Traj 9, Loss=0.069446474, |ps|=4.6889253, |g|=0.045537043
			Traj 10, Loss=0.06352853, |ps|=4.7275133, |g|=0.03758433
	IC 2, Loss=0.06352853, |ps|=4.7275133, |g|=0.03758433
			Traj 1, Loss=0.07839199, |ps|=4.7668333, |g|=0.053526167
			Traj 2, Loss=0.079258546, |ps|=4.808646, |g|=0.044607505
			Traj 3, Loss=0.071484946, |ps|=4.8456006, |g|=0.0380116
			Traj 4, Loss=0.06581939, |ps|=4.8836813, |g|=0.043537833
			Traj 5, Loss=0.06888486, |ps|=4.919936, |g|=0.035520416
			Traj 6, Loss=0.06358712, |ps|=4.9487047, |g|=0.029876743
			Traj 7, Loss=0.059111264, |ps|=4.9780684, |g|=0.036240395
			Traj 8, Loss=0.06359152, |ps|=5.0059614, |g|=0.028967662
			Traj 9, Loss=0.06771335, |ps|=5.0261726, |g|=0.023928795
			Traj 10, Loss=0.05332787, |ps|=5.0476713, |g|=0.030066004
	IC 3, Loss=0.05332787, |ps|=5.0476713, |g|=0.030066004
			Traj 1, Loss=0.06865578, |ps|=5.072975, |g|=0.031977497
			Traj 2, Loss=0.07231513, |ps|=5.098406, |g|=0.026493091
			Traj 3, Loss=0.08295017, |ps|=5.115159, |g|=0.021425987
			Traj 4, Loss=0.06475479, |ps|=5.128356, |g|=0.022955667
			Traj 5, Loss=0.06463421, |ps|=5.1451297, |g|=0.024970496
			Traj 6, Loss=0.06909003, |ps|=5.1591415, |g|=0.018854452
			Traj 7, Loss=0.078546405, |ps|=5.1675215, |g|=0.01694178
			Traj 8, Loss=0.064391494, |ps|=5.1773667, |g|=0.020034196
			Traj 9, Loss=0.0598819, |ps|=5.1899166, |g|=0.016977753
			Traj 10, Loss=0.07069409, |ps|=5.198007, |g|=0.012347781
	IC 4, Loss=0.07069409, |ps|=5.198007, |g|=0.012347781
			Traj 1, Loss=0.07680203, |ps|=5.20758, |g|=0.019378789
			Traj 2, Loss=0.08059402, |ps|=5.2211823, |g|=0.015874622
			Traj 3, Loss=0.087350324, |ps|=5.2273703, |g|=0.0138101885
			Traj 4, Loss=0.08129175, |ps|=5.2279005, |g|=0.013873121
			Traj 5, Loss=0.07817875, |ps|=5.2308235, |g|=0.014185457
			Traj 6, Loss=0.074034736, |ps|=5.238797, |g|=0.01582828
			Traj 7, Loss=0.082243495, |ps|=5.245901, |g|=0.0097461045
			Traj 8, Loss=0.083316214, |ps|=5.246991, |g|=0.008782607
			Traj 9, Loss=0.08122077, |ps|=5.2465944, |g|=0.008110207
			Traj 10, Loss=0.07874972, |ps|=5.2514653, |g|=0.020385528
	IC 5, Loss=0.07874972, |ps|=5.2514653, |g|=0.020385528
