Host cso14c94 | ArrayJob 1292136 | Task 3
		Number of updates per IC: 50
		Number of total updates: 250
		Length of gap timestepping (hours): 13.333333
		Length of trajectory differentiation (hours): Start: 13.333333	End: 26.666666
		Training period per ic (days): Start: 55.555557	End: 83.333336
			Traj 1, Loss=5.8118577, |ps|=28.146067, |g|=0.5164935
			Traj 2, Loss=5.8561983, |ps|=28.007057, |g|=0.5193505
			Traj 3, Loss=5.6099873, |ps|=27.869246, |g|=0.5064533
			Traj 4, Loss=5.6467934, |ps|=27.73241, |g|=0.5091526
			Traj 5, Loss=5.475856, |ps|=27.596706, |g|=0.5004658
			Traj 6, Loss=5.431113, |ps|=27.462126, |g|=0.49970677
			Traj 7, Loss=5.370328, |ps|=27.32855, |g|=0.49645248
			Traj 8, Loss=5.2006316, |ps|=27.196323, |g|=0.4891018
			Traj 9, Loss=5.225732, |ps|=27.065199, |g|=0.49051124
			Traj 10, Loss=4.98906, |ps|=26.935642, |g|=0.47864804
	IC 1, Loss=4.98906, |ps|=26.935642, |g|=0.47864804
			Traj 1, Loss=6.926533, |ps|=26.811653, |g|=0.6708611
			Traj 2, Loss=7.032814, |ps|=26.679506, |g|=0.67762166
			Traj 3, Loss=6.817789, |ps|=26.54447, |g|=0.66722
			Traj 4, Loss=6.6518908, |ps|=26.409714, |g|=0.65882325
			Traj 5, Loss=6.678993, |ps|=26.27622, |g|=0.6596335
			Traj 6, Loss=6.328062, |ps|=26.145233, |g|=0.6402283
			Traj 7, Loss=6.3444853, |ps|=26.016857, |g|=0.6437078
			Traj 8, Loss=6.205885, |ps|=25.890993, |g|=0.6352658
			Traj 9, Loss=5.9710565, |ps|=25.76814, |g|=0.6227083
			Traj 10, Loss=6.0210147, |ps|=25.647606, |g|=0.62658775
	IC 2, Loss=6.0210147, |ps|=25.647606, |g|=0.62658775
			Traj 1, Loss=7.727299, |ps|=25.533508, |g|=0.82151353
			Traj 2, Loss=7.800931, |ps|=25.413116, |g|=0.8262594
			Traj 3, Loss=7.6588645, |ps|=25.290503, |g|=0.8194085
			Traj 4, Loss=7.2915487, |ps|=25.168852, |g|=0.7986052
			Traj 5, Loss=7.3552713, |ps|=25.048939, |g|=0.80377007
			Traj 6, Loss=7.2465796, |ps|=24.93101, |g|=0.79657507
			Traj 7, Loss=6.868688, |ps|=24.81615, |g|=0.7747716
			Traj 8, Loss=6.886628, |ps|=24.70415, |g|=0.7770195
			Traj 9, Loss=6.828342, |ps|=24.594526, |g|=0.7720083
			Traj 10, Loss=6.4550824, |ps|=24.487888, |g|=0.75080603
	IC 3, Loss=6.4550824, |ps|=24.487888, |g|=0.75080603
			Traj 1, Loss=7.9800544, |ps|=24.389385, |g|=0.93692863
			Traj 2, Loss=8.017225, |ps|=24.287352, |g|=0.94046456
			Traj 3, Loss=7.971071, |ps|=24.18412, |g|=0.93961054
			Traj 4, Loss=7.5898075, |ps|=24.081888, |g|=0.9144776
			Traj 5, Loss=7.392696, |ps|=23.981884, |g|=0.9024053
			Traj 6, Loss=7.5113635, |ps|=23.883581, |g|=0.9163785
			Traj 7, Loss=7.3639293, |ps|=23.78696, |g|=0.90369517
			Traj 8, Loss=6.9994893, |ps|=23.692883, |g|=0.89044946
			Traj 9, Loss=6.9286566, |ps|=23.601349, |g|=0.8765017
			Traj 10, Loss=6.9630213, |ps|=23.511787, |g|=0.878567
	IC 4, Loss=6.9630213, |ps|=23.511787, |g|=0.878567
			Traj 1, Loss=8.167608, |ps|=23.429062, |g|=1.058479
			Traj 2, Loss=8.162208, |ps|=23.343836, |g|=1.0592026
			Traj 3, Loss=8.204911, |ps|=23.257706, |g|=1.0658193
			Traj 4, Loss=7.93488, |ps|=23.172224, |g|=1.0459952
			Traj 5, Loss=7.5675426, |ps|=23.08869, |g|=1.0183691
			Traj 6, Loss=7.414798, |ps|=23.007492, |g|=1.0087882
			Traj 7, Loss=7.4516964, |ps|=22.928135, |g|=1.0111258
			Traj 8, Loss=7.4060907, |ps|=22.850317, |g|=1.0218877
			Traj 9, Loss=7.114084, |ps|=22.774382, |g|=0.99061996
			Traj 10, Loss=6.80481, |ps|=22.700977, |g|=0.9674587
	IC 5, Loss=6.80481, |ps|=22.700977, |g|=0.9674587
