Host cso14c112 | ArrayJob 1277917 | Task 8
		Number of updates per IC: 50
		Number of total updates: 250
		Length of gap timestepping (hours): 33.333332
		Length of trajectory differentiation (hours): Start: 13.333333	End: 46.666668
		Training period per ic (days): Start: 97.22222	End: 166.66667
			Traj 1, Loss=0.01858443, |ps|=7.0195127, |g|=0.07652529
			Traj 2, Loss=0.014268222, |ps|=6.955258, |g|=0.06137011
			Traj 3, Loss=0.010713917, |ps|=6.894899, |g|=0.048694834
			Traj 4, Loss=0.0076903906, |ps|=6.8368506, |g|=0.037964746
			Traj 5, Loss=0.0052088047, |ps|=6.7810154, |g|=0.028186318
			Traj 6, Loss=0.0035305808, |ps|=6.7251663, |g|=0.019305322
			Traj 7, Loss=0.0026194465, |ps|=6.664449, |g|=0.013723098
			Traj 8, Loss=0.0021384812, |ps|=6.5955024, |g|=0.0106310565
			Traj 9, Loss=0.0019344138, |ps|=6.5200934, |g|=0.0068094097
			Traj 10, Loss=0.0019619868, |ps|=6.442342, |g|=0.005817435
	IC 1, Loss=0.0019619868, |ps|=6.442342, |g|=0.005817435
			Traj 1, Loss=0.008750395, |ps|=6.4090304, |g|=0.0306624
			Traj 2, Loss=0.009847887, |ps|=6.3819537, |g|=0.020230375
			Traj 3, Loss=0.009178539, |ps|=6.3571687, |g|=0.020156845
			Traj 4, Loss=0.009894823, |ps|=6.329752, |g|=0.015870865
			Traj 5, Loss=0.009167445, |ps|=6.29712, |g|=0.01475262
			Traj 6, Loss=0.009756215, |ps|=6.2607, |g|=0.02037537
			Traj 7, Loss=0.011498845, |ps|=6.22412, |g|=0.024023317
			Traj 8, Loss=0.0065694083, |ps|=6.1909156, |g|=0.015858563
			Traj 9, Loss=0.0056309314, |ps|=6.1621137, |g|=0.013410308
			Traj 10, Loss=0.0076441807, |ps|=6.135951, |g|=0.021913787
	IC 2, Loss=0.0076441807, |ps|=6.135951, |g|=0.021913787
			Traj 1, Loss=0.017819235, |ps|=6.126297, |g|=0.04003396
			Traj 2, Loss=0.025582094, |ps|=6.1199336, |g|=0.068955585
			Traj 3, Loss=0.023890391, |ps|=6.1129932, |g|=0.02783053
			Traj 4, Loss=0.019579845, |ps|=6.104124, |g|=0.032842442
			Traj 5, Loss=0.016607875, |ps|=6.0948877, |g|=0.016351867
			Traj 6, Loss=0.025428789, |ps|=6.086077, |g|=0.052395493
			Traj 7, Loss=0.023360465, |ps|=6.0754285, |g|=0.025449483
			Traj 8, Loss=0.020370897, |ps|=6.063422, |g|=0.04775745
			Traj 9, Loss=0.01780812, |ps|=6.052888, |g|=0.03034118
			Traj 10, Loss=0.02425462, |ps|=6.0445046, |g|=0.052573074
	IC 3, Loss=0.02425462, |ps|=6.0445046, |g|=0.052573074
			Traj 1, Loss=0.029481823, |ps|=6.0416465, |g|=0.06087925
			Traj 2, Loss=0.05475838, |ps|=6.0396895, |g|=0.05923642
			Traj 3, Loss=0.020655615, |ps|=6.03692, |g|=0.05897377
			Traj 4, Loss=0.024115939, |ps|=6.0338387, |g|=0.049546212
			Traj 5, Loss=0.043440294, |ps|=6.029979, |g|=0.035790667
			Traj 6, Loss=0.030681135, |ps|=6.0253296, |g|=0.05807396
			Traj 7, Loss=0.054403733, |ps|=6.0204206, |g|=0.059016053
			Traj 8, Loss=0.031863578, |ps|=6.0153365, |g|=0.06126759
			Traj 9, Loss=0.023635313, |ps|=6.0110874, |g|=0.040519472
			Traj 10, Loss=0.03317554, |ps|=6.0072684, |g|=0.037162866
	IC 4, Loss=0.03317554, |ps|=6.0072684, |g|=0.037162866
			Traj 1, Loss=0.046457093, |ps|=6.0060635, |g|=0.0991023
			Traj 2, Loss=0.06437684, |ps|=6.005413, |g|=0.06906752
			Traj 3, Loss=0.037512973, |ps|=6.0051146, |g|=0.065113395
			Traj 4, Loss=0.07661119, |ps|=6.004618, |g|=0.028561946
			Traj 5, Loss=0.032152507, |ps|=6.0039945, |g|=0.0348303
			Traj 6, Loss=0.08304163, |ps|=6.002773, |g|=0.063538715
			Traj 7, Loss=0.031533, |ps|=6.0012693, |g|=0.0569681
			Traj 8, Loss=0.063098736, |ps|=5.9993625, |g|=0.089020506
			Traj 9, Loss=0.04147288, |ps|=5.9974494, |g|=0.08655481
			Traj 10, Loss=0.03656778, |ps|=5.995605, |g|=0.094388805
	IC 5, Loss=0.03656778, |ps|=5.995605, |g|=0.094388805
