Host cso14c75 | ArrayJob 1242387 | Task 6
		Number of updates per IC: 50
		Number of total updates: 250
		Length of gap timestepping (hours): 33.333332
		Length of trajectory differentiation (hours): Start: 13.333333	End: 46.666668
		Training period per ic (days): Start: 97.22222	End: 166.66667
			Traj 1, Loss=0.1570408, |ps|=10.368655, |g|=0.58178437
			Traj 2, Loss=0.055954188, |ps|=10.380351, |g|=0.26448736
			Traj 3, Loss=0.035385605, |ps|=10.377327, |g|=0.23100916
			Traj 4, Loss=0.02916115, |ps|=10.333098, |g|=0.2091887
			Traj 5, Loss=0.021711301, |ps|=10.2659235, |g|=0.09087307
			Traj 6, Loss=0.02016813, |ps|=10.199432, |g|=0.09554239
			Traj 7, Loss=0.020816317, |ps|=10.142213, |g|=0.074798584
			Traj 8, Loss=0.018991247, |ps|=10.092366, |g|=0.038457356
			Traj 9, Loss=0.01908767, |ps|=10.044985, |g|=0.041319847
			Traj 10, Loss=0.018753892, |ps|=9.998801, |g|=0.028878875
	IC 1, Loss=0.018753892, |ps|=9.998801, |g|=0.028878875
			Traj 1, Loss=0.02381938, |ps|=9.969656, |g|=0.12213032
			Traj 2, Loss=0.023114713, |ps|=9.942629, |g|=0.08613953
			Traj 3, Loss=0.029119013, |ps|=9.923299, |g|=0.08594339
			Traj 4, Loss=0.032815013, |ps|=9.907806, |g|=0.06883432
			Traj 5, Loss=0.030238599, |ps|=9.893847, |g|=0.04075922
			Traj 6, Loss=0.024150372, |ps|=9.881829, |g|=0.030890364
			Traj 7, Loss=0.025094245, |ps|=9.872603, |g|=0.03165168
			Traj 8, Loss=0.023164833, |ps|=9.863592, |g|=0.040226113
			Traj 9, Loss=0.018642113, |ps|=9.85209, |g|=0.036604054
			Traj 10, Loss=0.015253864, |ps|=9.840317, |g|=0.02730248
	IC 2, Loss=0.015253864, |ps|=9.840317, |g|=0.02730248
			Traj 1, Loss=0.030201305, |ps|=9.827834, |g|=0.15788153
			Traj 2, Loss=0.036053963, |ps|=9.814111, |g|=0.10243298
			Traj 3, Loss=0.043783966, |ps|=9.807247, |g|=0.1746219
			Traj 4, Loss=0.038635347, |ps|=9.8082, |g|=0.12005433
			Traj 5, Loss=0.027931526, |ps|=9.811087, |g|=0.10352071
			Traj 6, Loss=0.043402094, |ps|=9.805085, |g|=0.20736817
			Traj 7, Loss=0.04159674, |ps|=9.795115, |g|=0.09270424
			Traj 8, Loss=0.037512783, |ps|=9.79219, |g|=0.18120803
			Traj 9, Loss=0.0269458, |ps|=9.795499, |g|=0.0934378
			Traj 10, Loss=0.036641963, |ps|=9.793901, |g|=0.18298912
	IC 3, Loss=0.036641963, |ps|=9.793901, |g|=0.18298912
			Traj 1, Loss=0.03832354, |ps|=9.789313, |g|=0.2413583
			Traj 2, Loss=0.057105575, |ps|=9.783196, |g|=0.1155872
			Traj 3, Loss=0.048322294, |ps|=9.780592, |g|=2.6671586
			Traj 4, Loss=0.048015524, |ps|=9.781251, |g|=0.28461418
			Traj 5, Loss=0.05097761, |ps|=9.782124, |g|=0.32680106
			Traj 6, Loss=0.043929122, |ps|=9.783242, |g|=0.14766775
			Traj 7, Loss=0.063753776, |ps|=9.782454, |g|=0.38399503
			Traj 8, Loss=0.049321055, |ps|=9.778959, |g|=0.21469678
			Traj 9, Loss=0.04450272, |ps|=9.77592, |g|=0.16120592
			Traj 10, Loss=0.0655113, |ps|=9.772127, |g|=0.6246511
	IC 4, Loss=0.0655113, |ps|=9.772127, |g|=0.6246511
			Traj 1, Loss=0.06265348, |ps|=9.770746, |g|=4.819978
			Traj 2, Loss=0.07428551, |ps|=9.7685, |g|=2.6794868
			Traj 3, Loss=0.058617532, |ps|=9.765433, |g|=18.80286
			Traj 4, Loss=0.07834085, |ps|=9.76242, |g|=13.37664
			Traj 5, Loss=0.07655895, |ps|=9.760836, |g|=13.038103
			Traj 6, Loss=0.07414163, |ps|=9.760218, |g|=1.2740469
			Traj 7, Loss=0.06227821, |ps|=9.760027, |g|=9.658492
			Traj 8, Loss=0.08126509, |ps|=9.759971, |g|=8.438821
			Traj 9, Loss=0.06805256, |ps|=9.759992, |g|=19.878319
			Traj 10, Loss=0.08886318, |ps|=9.758924, |g|=9.250395
	IC 5, Loss=0.08886318, |ps|=9.758924, |g|=9.250395
