Host cso14c75 | ArrayJob 1242387 | Task 7
		Number of updates per IC: 50
		Number of total updates: 250
		Length of gap timestepping (hours): 33.333332
		Length of trajectory differentiation (hours): Start: 13.333333	End: 46.666668
		Training period per ic (days): Start: 97.22222	End: 166.66667
			Traj 1, Loss=0.17339386, |ps|=12.262109, |g|=0.43844458
			Traj 2, Loss=0.05578923, |ps|=12.255961, |g|=0.21700197
			Traj 3, Loss=0.0423866, |ps|=12.209632, |g|=0.35247087
			Traj 4, Loss=0.022968365, |ps|=12.104873, |g|=0.09376566
			Traj 5, Loss=0.024953604, |ps|=12.001172, |g|=0.13758436
			Traj 6, Loss=0.020919207, |ps|=11.918344, |g|=0.099588595
			Traj 7, Loss=0.019792296, |ps|=11.8436775, |g|=0.052602217
			Traj 8, Loss=0.019131366, |ps|=11.75975, |g|=0.065985575
			Traj 9, Loss=0.018267035, |ps|=11.675417, |g|=0.03355415
			Traj 10, Loss=0.017688062, |ps|=11.606134, |g|=0.038198225
	IC 1, Loss=0.017688062, |ps|=11.606134, |g|=0.038198225
			Traj 1, Loss=0.022034599, |ps|=11.568702, |g|=0.07020315
			Traj 2, Loss=0.022762083, |ps|=11.533312, |g|=0.06480244
			Traj 3, Loss=0.029307317, |ps|=11.503209, |g|=0.051732574
			Traj 4, Loss=0.031883243, |ps|=11.474063, |g|=0.029627956
			Traj 5, Loss=0.028500335, |ps|=11.448036, |g|=0.02726617
			Traj 6, Loss=0.024556158, |ps|=11.425464, |g|=0.033302996
			Traj 7, Loss=0.025181983, |ps|=11.403953, |g|=0.030589078
			Traj 8, Loss=0.022565288, |ps|=11.38114, |g|=0.023335999
			Traj 9, Loss=0.018039815, |ps|=11.357053, |g|=0.02389265
			Traj 10, Loss=0.015692778, |ps|=11.332067, |g|=0.024264416
	IC 2, Loss=0.015692778, |ps|=11.332067, |g|=0.024264416
			Traj 1, Loss=0.027493255, |ps|=11.312447, |g|=0.043084506
			Traj 2, Loss=0.035970915, |ps|=11.29607, |g|=0.16809201
			Traj 3, Loss=0.044826724, |ps|=11.286491, |g|=0.17873354
			Traj 4, Loss=0.03865102, |ps|=11.283798, |g|=0.08434858
			Traj 5, Loss=0.028228084, |ps|=11.277238, |g|=0.14540659
			Traj 6, Loss=0.041300517, |ps|=11.259179, |g|=0.07898949
			Traj 7, Loss=0.04177164, |ps|=11.244981, |g|=0.15653716
			Traj 8, Loss=0.035965562, |ps|=11.243433, |g|=0.05784223
			Traj 9, Loss=0.027315635, |ps|=11.239622, |g|=0.15939823
			Traj 10, Loss=0.034939293, |ps|=11.221888, |g|=0.09859543
	IC 3, Loss=0.034939293, |ps|=11.221888, |g|=0.09859543
			Traj 1, Loss=0.03650344, |ps|=11.215379, |g|=0.47344643
			Traj 2, Loss=0.057318144, |ps|=11.210758, |g|=0.14285544
			Traj 3, Loss=0.044480655, |ps|=11.204455, |g|=1.808931
			Traj 4, Loss=0.039599597, |ps|=11.201318, |g|=1.3310149
			Traj 5, Loss=0.044649553, |ps|=11.193951, |g|=0.24177681
			Traj 6, Loss=0.041727938, |ps|=11.18889, |g|=0.71497464
			Traj 7, Loss=0.053025145, |ps|=11.185367, |g|=0.52443856
			Traj 8, Loss=0.04385748, |ps|=11.181229, |g|=0.14383449
			Traj 9, Loss=0.04075391, |ps|=11.175806, |g|=27.395529
			Traj 10, Loss=0.06195493, |ps|=11.168415, |g|=0.37350902
	IC 4, Loss=0.06195493, |ps|=11.168415, |g|=0.37350902
			Traj 1, Loss=0.057692155, |ps|=11.1657095, |g|=2.2310364
			Traj 2, Loss=0.0717005, |ps|=11.164109, |g|=3.219576
			Traj 3, Loss=0.058683604, |ps|=11.162145, |g|=15.204491
			Traj 4, Loss=0.075174585, |ps|=11.158425, |g|=20.541355
			Traj 5, Loss=0.071752064, |ps|=11.155107, |g|=9.347644
			Traj 6, Loss=0.07110079, |ps|=11.152434, |g|=1.579298
			Traj 7, Loss=0.061349496, |ps|=11.150566, |g|=0.76448154
			Traj 8, Loss=0.073939905, |ps|=11.150935, |g|=1.7726995
			Traj 9, Loss=0.060012862, |ps|=11.151417, |g|=17.954956
			Traj 10, Loss=0.07767634, |ps|=11.150883, |g|=28.760698
	IC 5, Loss=0.07767634, |ps|=11.150883, |g|=28.760698
