Host cso14c75 | ArrayJob 1242387 | Task 5
		Number of updates per IC: 50
		Number of total updates: 250
		Length of gap timestepping (hours): 33.333332
		Length of trajectory differentiation (hours): Start: 13.333333	End: 46.666668
		Training period per ic (days): Start: 97.22222	End: 166.66667
			Traj 1, Loss=0.29169217, |ps|=7.0987, |g|=0.50279236
			Traj 2, Loss=0.23890424, |ps|=7.0856957, |g|=0.44849652
			Traj 3, Loss=0.19176148, |ps|=7.0807824, |g|=0.43304554
			Traj 4, Loss=0.14427927, |ps|=7.084179, |g|=0.41708404
			Traj 5, Loss=0.09802176, |ps|=7.097685, |g|=0.39012846
			Traj 6, Loss=0.05710205, |ps|=7.1184316, |g|=0.3016126
			Traj 7, Loss=0.034838106, |ps|=7.1381207, |g|=0.13396847
			Traj 8, Loss=0.031597853, |ps|=7.143306, |g|=0.11508566
			Traj 9, Loss=0.033996943, |ps|=7.1257925, |g|=0.16348946
			Traj 10, Loss=0.030283341, |ps|=7.094218, |g|=0.10618098
	IC 1, Loss=0.030283341, |ps|=7.094218, |g|=0.10618098
			Traj 1, Loss=0.039353803, |ps|=7.0724745, |g|=0.20005502
			Traj 2, Loss=0.036115367, |ps|=7.052125, |g|=0.061750215
			Traj 3, Loss=0.043925315, |ps|=7.039322, |g|=0.11550645
			Traj 4, Loss=0.046059974, |ps|=7.0338497, |g|=0.1195225
			Traj 5, Loss=0.044925526, |ps|=7.0333395, |g|=0.09406767
			Traj 6, Loss=0.036684968, |ps|=7.0349064, |g|=0.05740828
			Traj 7, Loss=0.03650795, |ps|=7.0362453, |g|=0.041638922
			Traj 8, Loss=0.033067387, |ps|=7.035041, |g|=0.03774302
			Traj 9, Loss=0.030157465, |ps|=7.0312514, |g|=0.03778666
			Traj 10, Loss=0.028377078, |ps|=7.0257306, |g|=0.034402512
	IC 2, Loss=0.028377078, |ps|=7.0257306, |g|=0.034402512
			Traj 1, Loss=0.04464978, |ps|=7.018203, |g|=0.20467588
			Traj 2, Loss=0.048789073, |ps|=7.007166, |g|=0.1196277
			Traj 3, Loss=0.05987731, |ps|=6.9974174, |g|=0.082298175
			Traj 4, Loss=0.054908436, |ps|=6.9925513, |g|=0.19917963
			Traj 5, Loss=0.043504868, |ps|=6.993544, |g|=0.24905063
			Traj 6, Loss=0.053638365, |ps|=6.995466, |g|=0.05405459
			Traj 7, Loss=0.05831486, |ps|=6.9949174, |g|=0.11582071
			Traj 8, Loss=0.05092374, |ps|=6.993675, |g|=0.05777702
			Traj 9, Loss=0.04138534, |ps|=6.994019, |g|=0.10203759
			Traj 10, Loss=0.050512034, |ps|=6.993804, |g|=0.08902029
	IC 3, Loss=0.050512034, |ps|=6.993804, |g|=0.08902029
			Traj 1, Loss=0.05518255, |ps|=6.990439, |g|=0.2665412
			Traj 2, Loss=0.080584645, |ps|=6.985335, |g|=0.23115292
			Traj 3, Loss=0.061647106, |ps|=6.9833474, |g|=0.4828557
			Traj 4, Loss=0.059934698, |ps|=6.981688, |g|=0.38834238
			Traj 5, Loss=0.06266089, |ps|=6.9814816, |g|=0.14123712
			Traj 6, Loss=0.056691464, |ps|=6.981905, |g|=1.121919
			Traj 7, Loss=0.074635714, |ps|=6.9836526, |g|=0.114270724
			Traj 8, Loss=0.064159915, |ps|=6.985013, |g|=0.13891496
			Traj 9, Loss=0.06495584, |ps|=6.986773, |g|=0.16333729
			Traj 10, Loss=0.090605564, |ps|=6.987335, |g|=0.15852772
	IC 4, Loss=0.090605564, |ps|=6.987335, |g|=0.15852772
			Traj 1, Loss=0.09851264, |ps|=6.986916, |g|=2.1947944
			Traj 2, Loss=0.12415031, |ps|=6.984807, |g|=14.198197
			Traj 3, Loss=0.09784856, |ps|=6.9824657, |g|=1.6367756
			Traj 4, Loss=0.12279276, |ps|=6.979853, |g|=0.48811215
			Traj 5, Loss=0.11504818, |ps|=6.9778104, |g|=3.0867772
			Traj 6, Loss=0.114629164, |ps|=6.9759116, |g|=2.9007285
			Traj 7, Loss=0.10417485, |ps|=6.974951, |g|=0.8079011
			Traj 8, Loss=0.123630956, |ps|=6.975098, |g|=25.185432
			Traj 9, Loss=0.11197028, |ps|=6.974878, |g|=2.5120733
			Traj 10, Loss=0.13207369, |ps|=6.9742074, |g|=0.73323697
	IC 5, Loss=0.13207369, |ps|=6.9742074, |g|=0.73323697
