Host cso14c75 | ArrayJob 1242387 | Task 4
		Number of updates per IC: 50
		Number of total updates: 250
		Length of gap timestepping (hours): 33.333332
		Length of trajectory differentiation (hours): Start: 13.333333	End: 46.666668
		Training period per ic (days): Start: 97.22222	End: 166.66667
			Traj 1, Loss=0.41482478, |ps|=6.1949368, |g|=0.6267919
			Traj 2, Loss=0.35567725, |ps|=6.192887, |g|=0.5352655
			Traj 3, Loss=0.3104014, |ps|=6.196482, |g|=0.47862175
			Traj 4, Loss=0.27299306, |ps|=6.205058, |g|=0.44527686
			Traj 5, Loss=0.24048536, |ps|=6.217473, |g|=0.42551008
			Traj 6, Loss=0.20980942, |ps|=6.233215, |g|=0.4089492
			Traj 7, Loss=0.180966, |ps|=6.2522616, |g|=0.40075284
			Traj 8, Loss=0.14990129, |ps|=6.274549, |g|=0.3884802
			Traj 9, Loss=0.12398727, |ps|=6.2993274, |g|=0.361535
			Traj 10, Loss=0.09950619, |ps|=6.324455, |g|=0.31890577
	IC 1, Loss=0.09950619, |ps|=6.324455, |g|=0.31890577
			Traj 1, Loss=0.12643851, |ps|=6.3400297, |g|=0.59645224
			Traj 2, Loss=0.10998407, |ps|=6.356907, |g|=0.5035566
			Traj 3, Loss=0.10270414, |ps|=6.3713827, |g|=0.40433928
			Traj 4, Loss=0.09613355, |ps|=6.381996, |g|=0.33467224
			Traj 5, Loss=0.088388026, |ps|=6.389012, |g|=0.2904667
			Traj 6, Loss=0.07321124, |ps|=6.393639, |g|=0.2619258
			Traj 7, Loss=0.06830198, |ps|=6.397633, |g|=0.24489008
			Traj 8, Loss=0.05962686, |ps|=6.4021378, |g|=0.23511112
			Traj 9, Loss=0.051926997, |ps|=6.407817, |g|=0.2246162
			Traj 10, Loss=0.04821852, |ps|=6.4141846, |g|=0.20051843
	IC 2, Loss=0.04821852, |ps|=6.4141846, |g|=0.20051843
			Traj 1, Loss=0.0669023, |ps|=6.4144216, |g|=0.24199486
			Traj 2, Loss=0.07889233, |ps|=6.4107504, |g|=0.24409978
			Traj 3, Loss=0.09105606, |ps|=6.405287, |g|=0.20336752
			Traj 4, Loss=0.075856484, |ps|=6.4015403, |g|=0.1815707
			Traj 5, Loss=0.06566981, |ps|=6.4018345, |g|=0.2863505
			Traj 6, Loss=0.07778578, |ps|=6.404151, |g|=0.17590007
			Traj 7, Loss=0.085082255, |ps|=6.406787, |g|=0.17042361
			Traj 8, Loss=0.073312946, |ps|=6.410593, |g|=0.21755607
			Traj 9, Loss=0.062967196, |ps|=6.416338, |g|=0.24501857
			Traj 10, Loss=0.07131197, |ps|=6.4216123, |g|=0.120277494
	IC 3, Loss=0.07131197, |ps|=6.4216123, |g|=0.120277494
			Traj 1, Loss=0.076968215, |ps|=6.4217534, |g|=0.39279908
			Traj 2, Loss=0.10495707, |ps|=6.419528, |g|=0.30073652
			Traj 3, Loss=0.08250306, |ps|=6.4169555, |g|=1.0694643
			Traj 4, Loss=0.080291696, |ps|=6.4150653, |g|=1.2466283
			Traj 5, Loss=0.087501, |ps|=6.414413, |g|=0.22478467
			Traj 6, Loss=0.08189306, |ps|=6.4142485, |g|=0.33744755
			Traj 7, Loss=0.10136023, |ps|=6.4153748, |g|=0.7680918
			Traj 8, Loss=0.09060347, |ps|=6.4175205, |g|=0.3623975
			Traj 9, Loss=0.092738375, |ps|=6.4210367, |g|=0.40246224
			Traj 10, Loss=0.114580035, |ps|=6.423639, |g|=1.6305733
	IC 4, Loss=0.114580035, |ps|=6.423639, |g|=1.6305733
			Traj 1, Loss=0.11489921, |ps|=6.4248, |g|=0.81899947
			Traj 2, Loss=0.14304815, |ps|=6.4250827, |g|=18.042776
			Traj 3, Loss=0.11939949, |ps|=6.4249644, |g|=0.8241831
			Traj 4, Loss=0.14675336, |ps|=6.4240346, |g|=13.715026
			Traj 5, Loss=0.14027144, |ps|=6.423396, |g|=3.8883438
			Traj 6, Loss=0.13989489, |ps|=6.422569, |g|=24.294415
			Traj 7, Loss=0.13126543, |ps|=6.422399, |g|=1.0886824
			Traj 8, Loss=0.15328862, |ps|=6.422314, |g|=91.21864
			Traj 9, Loss=0.14970475, |ps|=6.422663, |g|=1.6692026
			Traj 10, Loss=0.16716792, |ps|=6.423185, |g|=0.92769
	IC 5, Loss=0.16716792, |ps|=6.423185, |g|=0.92769
