Host cso14c112 | ArrayJob 1292136 | Task 5
		Number of updates per IC: 50
		Number of total updates: 250
		Length of gap timestepping (hours): 13.333333
		Length of trajectory differentiation (hours): Start: 13.333333	End: 26.666666
		Training period per ic (days): Start: 55.555557	End: 83.333336
			Traj 1, Loss=0.41235366, |ps|=2.6909003, |g|=0.14156191
			Traj 2, Loss=0.36107627, |ps|=2.5633204, |g|=0.12844162
			Traj 3, Loss=0.36024427, |ps|=2.4462218, |g|=0.13020425
			Traj 4, Loss=0.3289383, |ps|=2.3416073, |g|=0.12184807
			Traj 5, Loss=0.30807015, |ps|=2.2508621, |g|=0.11865243
			Traj 6, Loss=0.29634446, |ps|=2.1746545, |g|=0.11585265
			Traj 7, Loss=0.269425, |ps|=2.1138246, |g|=0.108977064
			Traj 8, Loss=0.2686842, |ps|=2.0678167, |g|=0.110796005
			Traj 9, Loss=0.24014123, |ps|=2.0364962, |g|=0.10138185
			Traj 10, Loss=0.24247877, |ps|=2.018796, |g|=0.10435742
	IC 1, Loss=0.24247877, |ps|=2.018796, |g|=0.10435742
			Traj 1, Loss=0.33061126, |ps|=2.0150285, |g|=0.1455515
			Traj 2, Loss=0.29152578, |ps|=2.0246928, |g|=0.13227662
			Traj 3, Loss=0.27416787, |ps|=2.0472643, |g|=0.12891762
			Traj 4, Loss=0.27180865, |ps|=2.0815248, |g|=0.1287608
			Traj 5, Loss=0.23574178, |ps|=2.1246243, |g|=0.11489967
			Traj 6, Loss=0.2381369, |ps|=2.1751094, |g|=0.119189665
			Traj 7, Loss=0.2151809, |ps|=2.231418, |g|=0.11013538
			Traj 8, Loss=0.19570424, |ps|=2.2912736, |g|=0.10280376
			Traj 9, Loss=0.199238, |ps|=2.3551755, |g|=0.10611367
			Traj 10, Loss=0.17166501, |ps|=2.4209275, |g|=0.09432632
	IC 2, Loss=0.17166501, |ps|=2.4209275, |g|=0.09432632
			Traj 1, Loss=0.23481415, |ps|=2.4884868, |g|=0.1324765
			Traj 2, Loss=0.21076244, |ps|=2.5639985, |g|=0.11954091
			Traj 3, Loss=0.18102631, |ps|=2.641288, |g|=0.10862146
			Traj 4, Loss=0.1907825, |ps|=2.7209747, |g|=0.11577739
			Traj 5, Loss=0.17300355, |ps|=2.8007302, |g|=0.10386602
			Traj 6, Loss=0.14923933, |ps|=2.8769581, |g|=0.09357056
			Traj 7, Loss=0.1591818, |ps|=2.952743, |g|=0.10035819
			Traj 8, Loss=0.14437704, |ps|=3.02701, |g|=0.09042627
			Traj 9, Loss=0.13418424, |ps|=3.0967455, |g|=0.08078024
			Traj 10, Loss=0.1315273, |ps|=3.165598, |g|=0.08863662
	IC 3, Loss=0.1315273, |ps|=3.165598, |g|=0.08863662
			Traj 1, Loss=0.1545253, |ps|=3.23254, |g|=0.10284351
			Traj 2, Loss=0.14416794, |ps|=3.3020813, |g|=0.09392864
			Traj 3, Loss=0.14054133, |ps|=3.3677275, |g|=0.08209688
			Traj 4, Loss=0.12673384, |ps|=3.430445, |g|=0.08493793
			Traj 5, Loss=0.12651162, |ps|=3.4930866, |g|=0.08584905
			Traj 6, Loss=0.11806142, |ps|=3.5525286, |g|=0.074639246
			Traj 7, Loss=0.12092966, |ps|=3.6071477, |g|=0.06948291
			Traj 8, Loss=0.11000656, |ps|=3.6604917, |g|=0.07312997
			Traj 9, Loss=0.10189734, |ps|=3.713051, |g|=0.06765278
			Traj 10, Loss=0.10122151, |ps|=3.7609584, |g|=0.057636414
	IC 4, Loss=0.10122151, |ps|=3.7609584, |g|=0.057636414
			Traj 1, Loss=0.1203415, |ps|=3.8062017, |g|=0.07601422
			Traj 2, Loss=0.11742155, |ps|=3.8542647, |g|=0.071566515
			Traj 3, Loss=0.115415014, |ps|=3.897372, |g|=0.059888758
			Traj 4, Loss=0.107628755, |ps|=3.9342988, |g|=0.057183076
			Traj 5, Loss=0.1068321, |ps|=3.9706602, |g|=0.060009606
			Traj 6, Loss=0.10201759, |ps|=4.0088577, |g|=0.059961572
			Traj 7, Loss=0.10385402, |ps|=4.045779, |g|=0.050753906
			Traj 8, Loss=0.09993826, |ps|=4.0792775, |g|=0.043743875
			Traj 9, Loss=0.099466726, |ps|=4.1105447, |g|=0.045038443
			Traj 10, Loss=0.097769745, |ps|=4.140856, |g|=0.046748843
	IC 5, Loss=0.097769745, |ps|=4.140856, |g|=0.046748843
